<?xml version="1.0" encoding="UTF-8"?>
<!-- Generated by org.testng.reporters.JUnitXMLReporter -->
<testsuite hostname="SUCCESS" ignored="0" name="Default test" tests="1" failures="0" timestamp="14 Nov 2018 07:55:51 GMT" time="67.316" errors="0">
  <testcase name="@BeforeMethod beforeMethod" time="67.144" classname="wrappers.ProjectSpecificWrappers">
    <failure type="java.lang.StackOverflowError">
      <![CDATA[java.lang.StackOverflowError
at org.openqa.selenium.remote.service.DriverCommandExecutor.execute(DriverCommandExecutor.java:84)
at org.openqa.selenium.remote.RemoteWebDriver.execute(RemoteWebDriver.java:601)
at org.openqa.selenium.remote.RemoteWebDriver.execute(RemoteWebDriver.java:658)
at org.openqa.selenium.remote.RemoteWebDriver.getScreenshotAs(RemoteWebDriver.java:340)
at wrappers.GenericWrappers.takeSnap(GenericWrappers.java:623)
at utils.Reporter.reportStep(Reporter.java:19)
at wrappers.GenericWrappers.takeSnap(GenericWrappers.java:626)
at utils.Reporter.reportStep(Reporter.java:19)
at wrappers.GenericWrappers.takeSnap(GenericWrappers.java:626)
at utils.Reporter.reportStep(Reporter.java:19)
at wrappers.GenericWrappers.takeSnap(GenericWrappers.java:626)
at utils.Reporter.reportStep(Reporter.java:19)
at wrappers.GenericWrappers.takeSnap(GenericWrappers.java:626)
at utils.Reporter.reportStep(Reporter.java:19)
at wrappers.GenericWrappers.takeSnap(GenericWrappers.java:626)
at utils.Reporter.reportStep(Reporter.java:19)
at wrappers.GenericWrappers.takeSnap(GenericWrappers.java:626)
at utils.Reporter.reportStep(Reporter.java:19)
at wrappers.GenericWrappers.takeSnap(GenericWrappers.java:626)
at utils.Reporter.reportStep(Reporter.java:19)
at wrappers.GenericWrappers.takeSnap(GenericWrappers.java:626)
at utils.Reporter.reportStep(Reporter.java:19)
at wrappers.GenericWrappers.takeSnap(GenericWrappers.java:626)
at utils.Reporter.reportStep(Reporter.java:19)
at wrappers.GenericWrappers.takeSnap(GenericWrappers.java:626)
at utils.Reporter.reportStep(Reporter.java:19)
at wrappers.GenericWrappers.takeSnap(GenericWrappers.java:626)
at utils.Reporter.reportStep(Reporter.java:19)
at wrappers.GenericWrappers.takeSnap(GenericWrappers.java:626)
at utils.Reporter.reportStep(Reporter.java:19)
at wrappers.GenericWrappers.takeSnap(GenericWrappers.java:626)
at utils.Reporter.reportStep(Reporter.java:19)
at wrappers.GenericWrappers.takeSnap(GenericWrappers.java:626)
at utils.Reporter.reportStep(Reporter.java:19)
at wrappers.GenericWrappers.takeSnap(GenericWrappers.java:626)
at utils.Reporter.reportStep(Reporter.java:19)
at wrappers.GenericWrappers.takeSnap(GenericWrappers.java:626)
at utils.Reporter.reportStep(Reporter.java:19)
at wrappers.GenericWrappers.takeSnap(GenericWrappers.java:626)
at utils.Reporter.reportStep(Reporter.java:19)
at wrappers.GenericWrappers.takeSnap(GenericWrappers.java:626)
at utils.Reporter.reportStep(Reporter.java:19)
at wrappers.GenericWrappers.takeSnap(GenericWrappers.java:626)
at utils.Reporter.reportStep(Reporter.java:19)
at wrappers.GenericWrappers.takeSnap(GenericWrappers.java:626)
at utils.Reporter.reportStep(Reporter.java:19)
at wrappers.GenericWrappers.takeSnap(GenericWrappers.java:626)
at utils.Reporter.reportStep(Reporter.java:19)
at wrappers.GenericWrappers.takeSnap(GenericWrappers.java:626)
at utils.Reporter.reportStep(Reporter.java:19)
at wrappers.GenericWrappers.takeSnap(GenericWrappers.java:626)
at utils.Reporter.reportStep(Reporter.java:19)
at wrappers.GenericWrappers.takeSnap(GenericWrappers.java:626)
at utils.Reporter.reportStep(Reporter.java:19)
at wrappers.GenericWrappers.takeSnap(GenericWrappers.java:626)
at utils.Reporter.reportStep(Reporter.java:19)
at wrappers.GenericWrappers.takeSnap(GenericWrappers.java:626)
at utils.Reporter.reportStep(Reporter.java:19)
at wrappers.GenericWrappers.takeSnap(GenericWrappers.java:626)
at utils.Reporter.reportStep(Reporter.java:19)
at wrappers.GenericWrappers.takeSnap(GenericWrappers.java:626)
at utils.Reporter.reportStep(Reporter.java:19)
at wrappers.GenericWrappers.takeSnap(GenericWrappers.java:626)
at utils.Reporter.reportStep(Reporter.java:19)
at wrappers.GenericWrappers.takeSnap(GenericWrappers.java:626)
at utils.Reporter.reportStep(Reporter.java:19)
at wrappers.GenericWrappers.takeSnap(GenericWrappers.java:626)
at utils.Reporter.reportStep(Reporter.java:19)
at wrappers.GenericWrappers.takeSnap(GenericWrappers.java:626)
at utils.Reporter.reportStep(Reporter.java:19)
at wrappers.GenericWrappers.takeSnap(GenericWrappers.java:626)
at utils.Reporter.reportStep(Reporter.java:19)
at wrappers.GenericWrappers.takeSnap(GenericWrappers.java:626)
at utils.Reporter.reportStep(Reporter.java:19)
at wrappers.GenericWrappers.takeSnap(GenericWrappers.java:626)
at utils.Reporter.reportStep(Reporter.java:19)
at wrappers.GenericWrappers.takeSnap(GenericWrappers.java:626)
at utils.Reporter.reportStep(Reporter.java:19)
at wrappers.GenericWrappers.takeSnap(GenericWrappers.java:626)
at utils.Reporter.reportStep(Reporter.java:19)
at wrappers.GenericWrappers.takeSnap(GenericWrappers.java:626)
at utils.Reporter.reportStep(Reporter.java:19)
at wrappers.GenericWrappers.takeSnap(GenericWrappers.java:626)
at utils.Reporter.reportStep(Reporter.java:19)
at wrappers.GenericWrappers.takeSnap(GenericWrappers.java:626)
at utils.Reporter.reportStep(Reporter.java:19)
at wrappers.GenericWrappers.takeSnap(GenericWrappers.java:626)
at utils.Reporter.reportStep(Reporter.java:19)
at wrappers.GenericWrappers.takeSnap(GenericWrappers.java:626)
at utils.Reporter.reportStep(Reporter.java:19)
at wrappers.GenericWrappers.takeSnap(GenericWrappers.java:626)
at utils.Reporter.reportStep(Reporter.java:19)
at wrappers.GenericWrappers.takeSnap(GenericWrappers.java:626)
at utils.Reporter.reportStep(Reporter.java:19)
at wrappers.GenericWrappers.takeSnap(GenericWrappers.java:626)
at utils.Reporter.reportStep(Reporter.java:19)
at wrappers.GenericWrappers.takeSnap(GenericWrappers.java:626)
at utils.Reporter.reportStep(Reporter.java:19)
at wrappers.GenericWrappers.takeSnap(GenericWrappers.java:626)
at utils.Reporter.reportStep(Reporter.java:19)
at wrappers.GenericWrappers.takeSnap(GenericWrappers.java:626)
at utils.Reporter.reportStep(Reporter.java:19)
at wrappers.GenericWrappers.takeSnap(GenericWrappers.java:626)
at utils.Reporter.reportStep(Reporter.java:19)
at wrappers.GenericWrappers.takeSnap(GenericWrappers.java:626)
at utils.Reporter.reportStep(Reporter.java:19)
at wrappers.GenericWrappers.takeSnap(GenericWrappers.java:626)
at utils.Reporter.reportStep(Reporter.java:19)
at wrappers.GenericWrappers.takeSnap(GenericWrappers.java:626)
at utils.Reporter.reportStep(Reporter.java:19)
at wrappers.GenericWrappers.takeSnap(GenericWrappers.java:626)
at utils.Reporter.reportStep(Reporter.java:19)
at wrappers.GenericWrappers.takeSnap(GenericWrappers.java:626)
at utils.Reporter.reportStep(Reporter.java:19)
at wrappers.GenericWrappers.takeSnap(GenericWrappers.java:626)
at utils.Reporter.reportStep(Reporter.java:19)
at wrappers.GenericWrappers.takeSnap(GenericWrappers.java:626)
at utils.Reporter.reportStep(Reporter.java:19)
at wrappers.GenericWrappers.takeSnap(GenericWrappers.java:626)
at utils.Reporter.reportStep(Reporter.java:19)
at wrappers.GenericWrappers.takeSnap(GenericWrappers.java:626)
at utils.Reporter.reportStep(Reporter.java:19)
at wrappers.GenericWrappers.takeSnap(GenericWrappers.java:626)
at utils.Reporter.reportStep(Reporter.java:19)
at wrappers.GenericWrappers.takeSnap(GenericWrappers.java:626)
at utils.Reporter.reportStep(Reporter.java:19)
at wrappers.GenericWrappers.takeSnap(GenericWrappers.java:626)
at utils.Reporter.reportStep(Reporter.java:19)
at wrappers.GenericWrappers.takeSnap(GenericWrappers.java:626)
at utils.Reporter.reportStep(Reporter.java:19)
at wrappers.GenericWrappers.takeSnap(GenericWrappers.java:626)
at utils.Reporter.reportStep(Reporter.java:19)
at wrappers.GenericWrappers.takeSnap(GenericWrappers.java:626)
at utils.Reporter.reportStep(Reporter.java:19)
at wrappers.GenericWrappers.takeSnap(GenericWrappers.java:626)
at utils.Reporter.reportStep(Reporter.java:19)
at wrappers.GenericWrappers.takeSnap(GenericWrappers.java:626)
at utils.Reporter.reportStep(Reporter.java:19)
at wrappers.GenericWrappers.takeSnap(GenericWrappers.java:626)
at utils.Reporter.reportStep(Reporter.java:19)
at wrappers.GenericWrappers.takeSnap(GenericWrappers.java:626)
at utils.Reporter.reportStep(Reporter.java:19)
at wrappers.GenericWrappers.takeSnap(GenericWrappers.java:626)
at utils.Reporter.reportStep(Reporter.java:19)
at wrappers.GenericWrappers.takeSnap(GenericWrappers.java:626)
at utils.Reporter.reportStep(Reporter.java:19)
at wrappers.GenericWrappers.takeSnap(GenericWrappers.java:626)
at utils.Reporter.reportStep(Reporter.java:19)
at wrappers.GenericWrappers.takeSnap(GenericWrappers.java:626)
at utils.Reporter.reportStep(Reporter.java:19)
at wrappers.GenericWrappers.takeSnap(GenericWrappers.java:626)
at utils.Reporter.reportStep(Reporter.java:19)
at wrappers.GenericWrappers.takeSnap(GenericWrappers.java:626)
at utils.Reporter.reportStep(Reporter.java:19)
at wrappers.GenericWrappers.takeSnap(GenericWrappers.java:626)
at utils.Reporter.reportStep(Reporter.java:19)
at wrappers.GenericWrappers.takeSnap(GenericWrappers.java:626)
at utils.Reporter.reportStep(Reporter.java:19)
at wrappers.GenericWrappers.takeSnap(GenericWrappers.java:626)
at utils.Reporter.reportStep(Reporter.java:19)
at wrappers.GenericWrappers.takeSnap(GenericWrappers.java:626)
at utils.Reporter.reportStep(Reporter.java:19)
at wrappers.GenericWrappers.takeSnap(GenericWrappers.java:626)
at utils.Reporter.reportStep(Reporter.java:19)
at wrappers.GenericWrappers.takeSnap(GenericWrappers.java:626)
at utils.Reporter.reportStep(Reporter.java:19)
at wrappers.GenericWrappers.takeSnap(GenericWrappers.java:626)
at utils.Reporter.reportStep(Reporter.java:19)
at wrappers.GenericWrappers.takeSnap(GenericWrappers.java:626)
at utils.Reporter.reportStep(Reporter.java:19)
at wrappers.GenericWrappers.takeSnap(GenericWrappers.java:626)
at utils.Reporter.reportStep(Reporter.java:19)
at wrappers.GenericWrappers.takeSnap(GenericWrappers.java:626)
at utils.Reporter.reportStep(Reporter.java:19)
at wrappers.GenericWrappers.takeSnap(GenericWrappers.java:626)
at utils.Reporter.reportStep(Reporter.java:19)
at wrappers.GenericWrappers.takeSnap(GenericWrappers.java:626)
at utils.Reporter.reportStep(Reporter.java:19)
at wrappers.GenericWrappers.takeSnap(GenericWrappers.java:626)
at utils.Reporter.reportStep(Reporter.java:19)
at wrappers.GenericWrappers.takeSnap(GenericWrappers.java:626)
at utils.Reporter.reportStep(Reporter.java:19)
at wrappers.GenericWrappers.takeSnap(GenericWrappers.java:626)
at utils.Reporter.reportStep(Reporter.java:19)
at wrappers.GenericWrappers.takeSnap(GenericWrappers.java:626)
at utils.Reporter.reportStep(Reporter.java:19)
at wrappers.GenericWrappers.takeSnap(GenericWrappers.java:626)
at utils.Reporter.reportStep(Reporter.java:19)
at wrappers.GenericWrappers.takeSnap(GenericWrappers.java:626)
at utils.Reporter.reportStep(Reporter.java:19)
at wrappers.GenericWrappers.takeSnap(GenericWrappers.java:626)
at utils.Reporter.reportStep(Reporter.java:19)
at wrappers.GenericWrappers.takeSnap(GenericWrappers.java:626)
at utils.Reporter.reportStep(Reporter.java:19)
at wrappers.GenericWrappers.takeSnap(GenericWrappers.java:626)
at utils.Reporter.reportStep(Reporter.java:19)
at wrappers.GenericWrappers.takeSnap(GenericWrappers.java:626)
at utils.Reporter.reportStep(Reporter.java:19)
at wrappers.GenericWrappers.takeSnap(GenericWrappers.java:626)
at utils.Reporter.reportStep(Reporter.java:19)
at wrappers.GenericWrappers.takeSnap(GenericWrappers.java:626)
at utils.Reporter.reportStep(Reporter.java:19)
at wrappers.GenericWrappers.takeSnap(GenericWrappers.java:626)
at utils.Reporter.reportStep(Reporter.java:19)
at wrappers.GenericWrappers.takeSnap(GenericWrappers.java:626)
at utils.Reporter.reportStep(Reporter.java:19)
at wrappers.GenericWrappers.takeSnap(GenericWrappers.java:626)
at utils.Reporter.reportStep(Reporter.java:19)
at wrappers.GenericWrappers.takeSnap(GenericWrappers.java:626)
at utils.Reporter.reportStep(Reporter.java:19)
at wrappers.GenericWrappers.takeSnap(GenericWrappers.java:626)
at utils.Reporter.reportStep(Reporter.java:19)
at wrappers.GenericWrappers.takeSnap(GenericWrappers.java:626)
at utils.Reporter.reportStep(Reporter.java:19)
at wrappers.GenericWrappers.takeSnap(GenericWrappers.java:626)
at utils.Reporter.reportStep(Reporter.java:19)
at wrappers.GenericWrappers.takeSnap(GenericWrappers.java:626)
at utils.Reporter.reportStep(Reporter.java:19)
at wrappers.GenericWrappers.takeSnap(GenericWrappers.java:626)
at utils.Reporter.reportStep(Reporter.java:19)
at wrappers.GenericWrappers.takeSnap(GenericWrappers.java:626)
at utils.Reporter.reportStep(Reporter.java:19)
at wrappers.GenericWrappers.takeSnap(GenericWrappers.java:626)
at utils.Reporter.reportStep(Reporter.java:19)
at wrappers.GenericWrappers.takeSnap(GenericWrappers.java:626)
at utils.Reporter.reportStep(Reporter.java:19)
at wrappers.GenericWrappers.takeSnap(GenericWrappers.java:626)
at utils.Reporter.reportStep(Reporter.java:19)
at wrappers.GenericWrappers.takeSnap(GenericWrappers.java:626)
at utils.Reporter.reportStep(Reporter.java:19)
at wrappers.GenericWrappers.takeSnap(GenericWrappers.java:626)
at utils.Reporter.reportStep(Reporter.java:19)
at wrappers.GenericWrappers.takeSnap(GenericWrappers.java:626)
at utils.Reporter.reportStep(Reporter.java:19)
at wrappers.GenericWrappers.takeSnap(GenericWrappers.java:626)
at utils.Reporter.reportStep(Reporter.java:19)
at wrappers.GenericWrappers.takeSnap(GenericWrappers.java:626)
at utils.Reporter.reportStep(Reporter.java:19)
at wrappers.GenericWrappers.takeSnap(GenericWrappers.java:626)
at utils.Reporter.reportStep(Reporter.java:19)
at wrappers.GenericWrappers.takeSnap(GenericWrappers.java:626)
at utils.Reporter.reportStep(Reporter.java:19)
at wrappers.GenericWrappers.takeSnap(GenericWrappers.java:626)
at utils.Reporter.reportStep(Reporter.java:19)
at wrappers.GenericWrappers.takeSnap(GenericWrappers.java:626)
at utils.Reporter.reportStep(Reporter.java:19)
at wrappers.GenericWrappers.takeSnap(GenericWrappers.java:626)
at utils.Reporter.reportStep(Reporter.java:19)
at wrappers.GenericWrappers.takeSnap(GenericWrappers.java:626)
at utils.Reporter.reportStep(Reporter.java:19)
at wrappers.GenericWrappers.takeSnap(GenericWrappers.java:626)
at utils.Reporter.reportStep(Reporter.java:19)
at wrappers.GenericWrappers.takeSnap(GenericWrappers.java:626)
at utils.Reporter.reportStep(Reporter.java:19)
at wrappers.GenericWrappers.takeSnap(GenericWrappers.java:626)
at utils.Reporter.reportStep(Reporter.java:19)
at wrappers.GenericWrappers.takeSnap(GenericWrappers.java:626)
at utils.Reporter.reportStep(Reporter.java:19)
at wrappers.GenericWrappers.takeSnap(GenericWrappers.java:626)
at utils.Reporter.reportStep(Reporter.java:19)
at wrappers.GenericWrappers.takeSnap(GenericWrappers.java:626)
at utils.Reporter.reportStep(Reporter.java:19)
at wrappers.GenericWrappers.takeSnap(GenericWrappers.java:626)
at utils.Reporter.reportStep(Reporter.java:19)
at wrappers.GenericWrappers.takeSnap(GenericWrappers.java:626)
at utils.Reporter.reportStep(Reporter.java:19)
at wrappers.GenericWrappers.takeSnap(GenericWrappers.java:626)
at utils.Reporter.reportStep(Reporter.java:19)
at wrappers.GenericWrappers.takeSnap(GenericWrappers.java:626)
at utils.Reporter.reportStep(Reporter.java:19)
at wrappers.GenericWrappers.takeSnap(GenericWrappers.java:626)
at utils.Reporter.reportStep(Reporter.java:19)
at wrappers.GenericWrappers.takeSnap(GenericWrappers.java:626)
at utils.Reporter.reportStep(Reporter.java:19)
at wrappers.GenericWrappers.takeSnap(GenericWrappers.java:626)
at utils.Reporter.reportStep(Reporter.java:19)
at wrappers.GenericWrappers.takeSnap(GenericWrappers.java:626)
at utils.Reporter.reportStep(Reporter.java:19)
at wrappers.GenericWrappers.takeSnap(GenericWrappers.java:626)
at utils.Reporter.reportStep(Reporter.java:19)
at wrappers.GenericWrappers.takeSnap(GenericWrappers.java:626)
at utils.Reporter.reportStep(Reporter.java:19)
at wrappers.GenericWrappers.takeSnap(GenericWrappers.java:626)
at utils.Reporter.reportStep(Reporter.java:19)
at wrappers.GenericWrappers.takeSnap(GenericWrappers.java:626)
at utils.Reporter.reportStep(Reporter.java:19)
at wrappers.GenericWrappers.takeSnap(GenericWrappers.java:626)
at utils.Reporter.reportStep(Reporter.java:19)
at wrappers.GenericWrappers.takeSnap(GenericWrappers.java:626)
at utils.Reporter.reportStep(Reporter.java:19)
at wrappers.GenericWrappers.takeSnap(GenericWrappers.java:626)
at utils.Reporter.reportStep(Reporter.java:19)
at wrappers.GenericWrappers.takeSnap(GenericWrappers.java:626)
at utils.Reporter.reportStep(Reporter.java:19)
at wrappers.GenericWrappers.takeSnap(GenericWrappers.java:626)
at utils.Reporter.reportStep(Reporter.java:19)
at wrappers.GenericWrappers.takeSnap(GenericWrappers.java:626)
at utils.Reporter.reportStep(Reporter.java:19)
at wrappers.GenericWrappers.takeSnap(GenericWrappers.java:626)
at utils.Reporter.reportStep(Reporter.java:19)
at wrappers.GenericWrappers.takeSnap(GenericWrappers.java:626)
at utils.Reporter.reportStep(Reporter.java:19)
at wrappers.GenericWrappers.takeSnap(GenericWrappers.java:626)
at utils.Reporter.reportStep(Reporter.java:19)
at wrappers.GenericWrappers.takeSnap(GenericWrappers.java:626)
at utils.Reporter.reportStep(Reporter.java:19)
at wrappers.GenericWrappers.takeSnap(GenericWrappers.java:626)
at utils.Reporter.reportStep(Reporter.java:19)
at wrappers.GenericWrappers.takeSnap(GenericWrappers.java:626)
at utils.Reporter.reportStep(Reporter.java:19)
at wrappers.GenericWrappers.takeSnap(GenericWrappers.java:626)
at utils.Reporter.reportStep(Reporter.java:19)
at wrappers.GenericWrappers.takeSnap(GenericWrappers.java:626)
at utils.Reporter.reportStep(Reporter.java:19)
at wrappers.GenericWrappers.takeSnap(GenericWrappers.java:626)
at utils.Reporter.reportStep(Reporter.java:19)
at wrappers.GenericWrappers.takeSnap(GenericWrappers.java:626)
at utils.Reporter.reportStep(Reporter.java:19)
at wrappers.GenericWrappers.takeSnap(GenericWrappers.java:626)
at utils.Reporter.reportStep(Reporter.java:19)
at wrappers.GenericWrappers.takeSnap(GenericWrappers.java:626)
at utils.Reporter.reportStep(Reporter.java:19)
at wrappers.GenericWrappers.takeSnap(GenericWrappers.java:626)
at utils.Reporter.reportStep(Reporter.java:19)
at wrappers.GenericWrappers.takeSnap(GenericWrappers.java:626)
at utils.Reporter.reportStep(Reporter.java:19)
at wrappers.GenericWrappers.takeSnap(GenericWrappers.java:626)
at utils.Reporter.reportStep(Reporter.java:19)
at wrappers.GenericWrappers.takeSnap(GenericWrappers.java:626)
at utils.Reporter.reportStep(Reporter.java:19)
at wrappers.GenericWrappers.takeSnap(GenericWrappers.java:626)
at utils.Reporter.reportStep(Reporter.java:19)
at wrappers.GenericWrappers.takeSnap(GenericWrappers.java:626)
at utils.Reporter.reportStep(Reporter.java:19)
at wrappers.GenericWrappers.takeSnap(GenericWrappers.java:626)
at utils.Reporter.reportStep(Reporter.java:19)
at wrappers.GenericWrappers.takeSnap(GenericWrappers.java:626)
at utils.Reporter.reportStep(Reporter.java:19)
at wrappers.GenericWrappers.takeSnap(GenericWrappers.java:626)
at utils.Reporter.reportStep(Reporter.java:19)
at wrappers.GenericWrappers.takeSnap(GenericWrappers.java:626)
at utils.Reporter.reportStep(Reporter.java:19)
at wrappers.GenericWrappers.takeSnap(GenericWrappers.java:626)
at utils.Reporter.reportStep(Reporter.java:19)
at wrappers.GenericWrappers.takeSnap(GenericWrappers.java:626)
at utils.Reporter.reportStep(Reporter.java:19)
at wrappers.GenericWrappers.takeSnap(GenericWrappers.java:626)
at utils.Reporter.reportStep(Reporter.java:19)
at wrappers.GenericWrappers.takeSnap(GenericWrappers.java:626)
at utils.Reporter.reportStep(Reporter.java:19)
at wrappers.GenericWrappers.takeSnap(GenericWrappers.java:626)
at utils.Reporter.reportStep(Reporter.java:19)
at wrappers.GenericWrappers.takeSnap(GenericWrappers.java:626)
at utils.Reporter.reportStep(Reporter.java:19)
at wrappers.GenericWrappers.takeSnap(GenericWrappers.java:626)
at utils.Reporter.reportStep(Reporter.java:19)
at wrappers.GenericWrappers.takeSnap(GenericWrappers.java:626)
at utils.Reporter.reportStep(Reporter.java:19)
at wrappers.GenericWrappers.takeSnap(GenericWrappers.java:626)
at utils.Reporter.reportStep(Reporter.java:19)
at wrappers.GenericWrappers.takeSnap(GenericWrappers.java:626)
at utils.Reporter.reportStep(Reporter.java:19)
at wrappers.GenericWrappers.takeSnap(GenericWrappers.java:626)
at utils.Reporter.reportStep(Reporter.java:19)
at wrappers.GenericWrappers.takeSnap(GenericWrappers.java:626)
at utils.Reporter.reportStep(Reporter.java:19)
at wrappers.GenericWrappers.takeSnap(GenericWrappers.java:626)
at utils.Reporter.reportStep(Reporter.java:19)
at wrappers.GenericWrappers.takeSnap(GenericWrappers.java:626)
at utils.Reporter.reportStep(Reporter.java:19)
at wrappers.GenericWrappers.takeSnap(GenericWrappers.java:626)
at utils.Reporter.reportStep(Reporter.java:19)
at wrappers.GenericWrappers.takeSnap(GenericWrappers.java:626)
at utils.Reporter.reportStep(Reporter.java:19)
at wrappers.GenericWrappers.takeSnap(GenericWrappers.java:626)
at utils.Reporter.reportStep(Reporter.java:19)
at wrappers.GenericWrappers.takeSnap(GenericWrappers.java:626)
at utils.Reporter.reportStep(Reporter.java:19)
at wrappers.GenericWrappers.takeSnap(GenericWrappers.java:626)
at utils.Reporter.reportStep(Reporter.java:19)
at wrappers.GenericWrappers.takeSnap(GenericWrappers.java:626)
at utils.Reporter.reportStep(Reporter.java:19)
at wrappers.GenericWrappers.takeSnap(GenericWrappers.java:626)
at utils.Reporter.reportStep(Reporter.java:19)
at wrappers.GenericWrappers.takeSnap(GenericWrappers.java:626)
at utils.Reporter.reportStep(Reporter.java:19)
at wrappers.GenericWrappers.takeSnap(GenericWrappers.java:626)
at utils.Reporter.reportStep(Reporter.java:19)
at wrappers.GenericWrappers.takeSnap(GenericWrappers.java:626)
at utils.Reporter.reportStep(Reporter.java:19)
at wrappers.GenericWrappers.takeSnap(GenericWrappers.java:626)
at utils.Reporter.reportStep(Reporter.java:19)
at wrappers.GenericWrappers.takeSnap(GenericWrappers.java:626)
at utils.Reporter.reportStep(Reporter.java:19)
at wrappers.GenericWrappers.takeSnap(GenericWrappers.java:626)
at utils.Reporter.reportStep(Reporter.java:19)
at wrappers.GenericWrappers.takeSnap(GenericWrappers.java:626)
at utils.Reporter.reportStep(Reporter.java:19)
at wrappers.GenericWrappers.takeSnap(GenericWrappers.java:626)
at utils.Reporter.reportStep(Reporter.java:19)
at wrappers.GenericWrappers.takeSnap(GenericWrappers.java:626)
at utils.Reporter.reportStep(Reporter.java:19)
at wrappers.GenericWrappers.takeSnap(GenericWrappers.java:626)
at utils.Reporter.reportStep(Reporter.java:19)
at wrappers.GenericWrappers.takeSnap(GenericWrappers.java:626)
at utils.Reporter.reportStep(Reporter.java:19)
at wrappers.GenericWrappers.takeSnap(GenericWrappers.java:626)
at utils.Reporter.reportStep(Reporter.java:19)
at wrappers.GenericWrappers.takeSnap(GenericWrappers.java:626)
at utils.Reporter.reportStep(Reporter.java:19)
at wrappers.GenericWrappers.takeSnap(GenericWrappers.java:626)
at utils.Reporter.reportStep(Reporter.java:19)
at wrappers.GenericWrappers.takeSnap(GenericWrappers.java:626)
at utils.Reporter.reportStep(Reporter.java:19)
at wrappers.GenericWrappers.takeSnap(GenericWrappers.java:626)
at utils.Reporter.reportStep(Reporter.java:19)
at wrappers.GenericWrappers.takeSnap(GenericWrappers.java:626)
at utils.Reporter.reportStep(Reporter.java:19)
at wrappers.GenericWrappers.takeSnap(GenericWrappers.java:626)
at utils.Reporter.reportStep(Reporter.java:19)
at wrappers.GenericWrappers.takeSnap(GenericWrappers.java:626)
at utils.Reporter.reportStep(Reporter.java:19)
at wrappers.GenericWrappers.takeSnap(GenericWrappers.java:626)
at utils.Reporter.reportStep(Reporter.java:19)
at wrappers.GenericWrappers.takeSnap(GenericWrappers.java:626)
at utils.Reporter.reportStep(Reporter.java:19)
at wrappers.GenericWrappers.takeSnap(GenericWrappers.java:626)
at utils.Reporter.reportStep(Reporter.java:19)
at wrappers.GenericWrappers.takeSnap(GenericWrappers.java:626)
at utils.Reporter.reportStep(Reporter.java:19)
at wrappers.GenericWrappers.takeSnap(GenericWrappers.java:626)
at utils.Reporter.reportStep(Reporter.java:19)
at wrappers.GenericWrappers.takeSnap(GenericWrappers.java:626)
at utils.Reporter.reportStep(Reporter.java:19)
at wrappers.GenericWrappers.takeSnap(GenericWrappers.java:626)
at utils.Reporter.reportStep(Reporter.java:19)
at wrappers.GenericWrappers.takeSnap(GenericWrappers.java:626)
at utils.Reporter.reportStep(Reporter.java:19)
at wrappers.GenericWrappers.takeSnap(GenericWrappers.java:626)
at utils.Reporter.reportStep(Reporter.java:19)
at wrappers.GenericWrappers.takeSnap(GenericWrappers.java:626)
at utils.Reporter.reportStep(Reporter.java:19)
at wrappers.GenericWrappers.takeSnap(GenericWrappers.java:626)
at utils.Reporter.reportStep(Reporter.java:19)
at wrappers.GenericWrappers.takeSnap(GenericWrappers.java:626)
at utils.Reporter.reportStep(Reporter.java:19)
at wrappers.GenericWrappers.takeSnap(GenericWrappers.java:626)
at utils.Reporter.reportStep(Reporter.java:19)
at wrappers.GenericWrappers.takeSnap(GenericWrappers.java:626)
at utils.Reporter.reportStep(Reporter.java:19)
at wrappers.GenericWrappers.takeSnap(GenericWrappers.java:626)
at utils.Reporter.reportStep(Reporter.java:19)
at wrappers.GenericWrappers.takeSnap(GenericWrappers.java:626)
at utils.Reporter.reportStep(Reporter.java:19)
at wrappers.GenericWrappers.takeSnap(GenericWrappers.java:626)
at utils.Reporter.reportStep(Reporter.java:19)
at wrappers.GenericWrappers.takeSnap(GenericWrappers.java:626)
at utils.Reporter.reportStep(Reporter.java:19)
at wrappers.GenericWrappers.takeSnap(GenericWrappers.java:626)
at utils.Reporter.reportStep(Reporter.java:19)
at wrappers.GenericWrappers.takeSnap(GenericWrappers.java:626)
at utils.Reporter.reportStep(Reporter.java:19)
at wrappers.GenericWrappers.takeSnap(GenericWrappers.java:626)
at utils.Reporter.reportStep(Reporter.java:19)
at wrappers.GenericWrappers.takeSnap(GenericWrappers.java:626)
at utils.Reporter.reportStep(Reporter.java:19)
at wrappers.GenericWrappers.takeSnap(GenericWrappers.java:626)
at utils.Reporter.reportStep(Reporter.java:19)
at wrappers.GenericWrappers.takeSnap(GenericWrappers.java:626)
at utils.Reporter.reportStep(Reporter.java:19)
at wrappers.GenericWrappers.takeSnap(GenericWrappers.java:626)
at utils.Reporter.reportStep(Reporter.java:19)
at wrappers.GenericWrappers.takeSnap(GenericWrappers.java:626)
at utils.Reporter.reportStep(Reporter.java:19)
at wrappers.GenericWrappers.takeSnap(GenericWrappers.java:626)
at utils.Reporter.reportStep(Reporter.java:19)
at wrappers.GenericWrappers.takeSnap(GenericWrappers.java:626)
at utils.Reporter.reportStep(Reporter.java:19)
at wrappers.GenericWrappers.takeSnap(GenericWrappers.java:626)
at utils.Reporter.reportStep(Reporter.java:19)
at wrappers.GenericWrappers.takeSnap(GenericWrappers.java:626)
at utils.Reporter.reportStep(Reporter.java:19)
at wrappers.GenericWrappers.takeSnap(GenericWrappers.java:626)
at utils.Reporter.reportStep(Reporter.java:19)
at wrappers.GenericWrappers.takeSnap(GenericWrappers.java:626)
at utils.Reporter.reportStep(Reporter.java:19)
at wrappers.GenericWrappers.takeSnap(GenericWrappers.java:626)
at utils.Reporter.reportStep(Reporter.java:19)
at wrappers.GenericWrappers.takeSnap(GenericWrappers.java:626)
at utils.Reporter.reportStep(Reporter.java:19)
at wrappers.GenericWrappers.takeSnap(GenericWrappers.java:626)
at utils.Reporter.reportStep(Reporter.java:19)
at wrappers.GenericWrappers.takeSnap(GenericWrappers.java:626)
at utils.Reporter.reportStep(Reporter.java:19)
at wrappers.GenericWrappers.takeSnap(GenericWrappers.java:626)
at utils.Reporter.reportStep(Reporter.java:19)
at wrappers.GenericWrappers.takeSnap(GenericWrappers.java:626)
at utils.Reporter.reportStep(Reporter.java:19)
at wrappers.GenericWrappers.takeSnap(GenericWrappers.java:626)
at utils.Reporter.reportStep(Reporter.java:19)
at wrappers.GenericWrappers.takeSnap(GenericWrappers.java:626)
at utils.Reporter.reportStep(Reporter.java:19)
at wrappers.GenericWrappers.takeSnap(GenericWrappers.java:626)
at utils.Reporter.reportStep(Reporter.java:19)
at wrappers.GenericWrappers.takeSnap(GenericWrappers.java:626)
at utils.Reporter.reportStep(Reporter.java:19)
at wrappers.GenericWrappers.takeSnap(GenericWrappers.java:626)
at utils.Reporter.reportStep(Reporter.java:19)
at wrappers.GenericWrappers.takeSnap(GenericWrappers.java:626)
at utils.Reporter.reportStep(Reporter.java:19)
at wrappers.GenericWrappers.takeSnap(GenericWrappers.java:626)
at utils.Reporter.reportStep(Reporter.java:19)
at wrappers.GenericWrappers.takeSnap(GenericWrappers.java:626)
at utils.Reporter.reportStep(Reporter.java:19)
at wrappers.GenericWrappers.takeSnap(GenericWrappers.java:626)
at utils.Reporter.reportStep(Reporter.java:19)
at wrappers.GenericWrappers.takeSnap(GenericWrappers.java:626)
at utils.Reporter.reportStep(Reporter.java:19)
at wrappers.GenericWrappers.takeSnap(GenericWrappers.java:626)
at utils.Reporter.reportStep(Reporter.java:19)
at wrappers.GenericWrappers.takeSnap(GenericWrappers.java:626)
at utils.Reporter.reportStep(Reporter.java:19)
at wrappers.GenericWrappers.takeSnap(GenericWrappers.java:626)
at utils.Reporter.reportStep(Reporter.java:19)
at wrappers.GenericWrappers.takeSnap(GenericWrappers.java:626)
at utils.Reporter.reportStep(Reporter.java:19)
at wrappers.GenericWrappers.takeSnap(GenericWrappers.java:626)
at utils.Reporter.reportStep(Reporter.java:19)
at wrappers.GenericWrappers.takeSnap(GenericWrappers.java:626)
at utils.Reporter.reportStep(Reporter.java:19)
at wrappers.GenericWrappers.takeSnap(GenericWrappers.java:626)
at utils.Reporter.reportStep(Reporter.java:19)
at wrappers.GenericWrappers.takeSnap(GenericWrappers.java:626)
at utils.Reporter.reportStep(Reporter.java:19)
at wrappers.GenericWrappers.takeSnap(GenericWrappers.java:626)
at utils.Reporter.reportStep(Reporter.java:19)
at wrappers.GenericWrappers.takeSnap(GenericWrappers.java:626)
at utils.Reporter.reportStep(Reporter.java:19)
at wrappers.GenericWrappers.takeSnap(GenericWrappers.java:626)
at utils.Reporter.reportStep(Reporter.java:19)
at wrappers.GenericWrappers.takeSnap(GenericWrappers.java:626)
at utils.Reporter.reportStep(Reporter.java:19)
at wrappers.GenericWrappers.takeSnap(GenericWrappers.java:626)
at utils.Reporter.reportStep(Reporter.java:19)
at wrappers.GenericWrappers.takeSnap(GenericWrappers.java:626)
at utils.Reporter.reportStep(Reporter.java:19)
at wrappers.GenericWrappers.takeSnap(GenericWrappers.java:626)
at utils.Reporter.reportStep(Reporter.java:19)
at wrappers.GenericWrappers.takeSnap(GenericWrappers.java:626)
at utils.Reporter.reportStep(Reporter.java:19)
at wrappers.GenericWrappers.takeSnap(GenericWrappers.java:626)
at utils.Reporter.reportStep(Reporter.java:19)
at wrappers.GenericWrappers.takeSnap(GenericWrappers.java:626)
at utils.Reporter.reportStep(Reporter.java:19)
at wrappers.GenericWrappers.takeSnap(GenericWrappers.java:626)
at utils.Reporter.reportStep(Reporter.java:19)
at wrappers.GenericWrappers.takeSnap(GenericWrappers.java:626)
at utils.Reporter.reportStep(Reporter.java:19)
at wrappers.GenericWrappers.takeSnap(GenericWrappers.java:626)
at utils.Reporter.reportStep(Reporter.java:19)
at wrappers.GenericWrappers.takeSnap(GenericWrappers.java:626)
at utils.Reporter.reportStep(Reporter.java:19)
at wrappers.GenericWrappers.takeSnap(GenericWrappers.java:626)
at utils.Reporter.reportStep(Reporter.java:19)
at wrappers.GenericWrappers.takeSnap(GenericWrappers.java:626)
at utils.Reporter.reportStep(Reporter.java:19)
at wrappers.GenericWrappers.takeSnap(GenericWrappers.java:626)
at utils.Reporter.reportStep(Reporter.java:19)
at wrappers.GenericWrappers.takeSnap(GenericWrappers.java:626)
at utils.Reporter.reportStep(Reporter.java:19)
at wrappers.GenericWrappers.takeSnap(GenericWrappers.java:626)
at utils.Reporter.reportStep(Reporter.java:19)
at wrappers.GenericWrappers.takeSnap(GenericWrappers.java:626)
at utils.Reporter.reportStep(Reporter.java:19)
at wrappers.GenericWrappers.takeSnap(GenericWrappers.java:626)
at utils.Reporter.reportStep(Reporter.java:19)
at wrappers.GenericWrappers.takeSnap(GenericWrappers.java:626)
at utils.Reporter.reportStep(Reporter.java:19)
at wrappers.GenericWrappers.takeSnap(GenericWrappers.java:626)
at utils.Reporter.reportStep(Reporter.java:19)
at wrappers.GenericWrappers.takeSnap(GenericWrappers.java:626)
at utils.Reporter.reportStep(Reporter.java:19)
at wrappers.GenericWrappers.takeSnap(GenericWrappers.java:626)
at utils.Reporter.reportStep(Reporter.java:19)
at wrappers.GenericWrappers.takeSnap(GenericWrappers.java:626)
at utils.Reporter.reportStep(Reporter.java:19)
at wrappers.GenericWrappers.takeSnap(GenericWrappers.java:626)
at utils.Reporter.reportStep(Reporter.java:19)
at wrappers.GenericWrappers.takeSnap(GenericWrappers.java:626)
at utils.Reporter.reportStep(Reporter.java:19)
at wrappers.GenericWrappers.takeSnap(GenericWrappers.java:626)
at utils.Reporter.reportStep(Reporter.java:19)
at wrappers.GenericWrappers.takeSnap(GenericWrappers.java:626)
at utils.Reporter.reportStep(Reporter.java:19)
at wrappers.GenericWrappers.takeSnap(GenericWrappers.java:626)
at utils.Reporter.reportStep(Reporter.java:19)
at wrappers.GenericWrappers.takeSnap(GenericWrappers.java:626)
at utils.Reporter.reportStep(Reporter.java:19)
at wrappers.GenericWrappers.takeSnap(GenericWrappers.java:626)
at utils.Reporter.reportStep(Reporter.java:19)
at wrappers.GenericWrappers.takeSnap(GenericWrappers.java:626)
at utils.Reporter.reportStep(Reporter.java:19)
at wrappers.GenericWrappers.takeSnap(GenericWrappers.java:626)
at utils.Reporter.reportStep(Reporter.java:19)
at wrappers.GenericWrappers.takeSnap(GenericWrappers.java:626)
at utils.Reporter.reportStep(Reporter.java:19)
at wrappers.GenericWrappers.takeSnap(GenericWrappers.java:626)
at utils.Reporter.reportStep(Reporter.java:19)
at wrappers.GenericWrappers.takeSnap(GenericWrappers.java:626)
at utils.Reporter.reportStep(Reporter.java:19)
at wrappers.GenericWrappers.takeSnap(GenericWrappers.java:626)
at utils.Reporter.reportStep(Reporter.java:19)
at wrappers.GenericWrappers.takeSnap(GenericWrappers.java:626)
at utils.Reporter.reportStep(Reporter.java:19)
at wrappers.GenericWrappers.takeSnap(GenericWrappers.java:626)
at utils.Reporter.reportStep(Reporter.java:19)
at wrappers.GenericWrappers.takeSnap(GenericWrappers.java:626)
at utils.Reporter.reportStep(Reporter.java:19)
at wrappers.GenericWrappers.takeSnap(GenericWrappers.java:626)
at utils.Reporter.reportStep(Reporter.java:19)
at wrappers.GenericWrappers.takeSnap(GenericWrappers.java:626)
at utils.Reporter.reportStep(Reporter.java:19)
at wrappers.GenericWrappers.takeSnap(GenericWrappers.java:626)
at utils.Reporter.reportStep(Reporter.java:19)
at wrappers.GenericWrappers.takeSnap(GenericWrappers.java:626)
at utils.Reporter.reportStep(Reporter.java:19)
at wrappers.GenericWrappers.takeSnap(GenericWrappers.java:626)
at utils.Reporter.reportStep(Reporter.java:19)
at wrappers.GenericWrappers.takeSnap(GenericWrappers.java:626)
at utils.Reporter.reportStep(Reporter.java:19)
at wrappers.GenericWrappers.takeSnap(GenericWrappers.java:626)
at utils.Reporter.reportStep(Reporter.java:19)
at wrappers.GenericWrappers.takeSnap(GenericWrappers.java:626)
at utils.Reporter.reportStep(Reporter.java:19)
at wrappers.GenericWrappers.takeSnap(GenericWrappers.java:626)
at utils.Reporter.reportStep(Reporter.java:19)
at wrappers.GenericWrappers.takeSnap(GenericWrappers.java:626)
at utils.Reporter.reportStep(Reporter.java:19)
at wrappers.GenericWrappers.takeSnap(GenericWrappers.java:626)
at utils.Reporter.reportStep(Reporter.java:19)
at wrappers.GenericWrappers.takeSnap(GenericWrappers.java:626)
at utils.Reporter.reportStep(Reporter.java:19)
at wrappers.GenericWrappers.takeSnap(GenericWrappers.java:626)
at utils.Reporter.reportStep(Reporter.java:19)
at wrappers.GenericWrappers.takeSnap(GenericWrappers.java:626)
at utils.Reporter.reportStep(Reporter.java:19)
at wrappers.GenericWrappers.takeSnap(GenericWrappers.java:626)
at utils.Reporter.reportStep(Reporter.java:19)
at wrappers.GenericWrappers.takeSnap(GenericWrappers.java:626)
at utils.Reporter.reportStep(Reporter.java:19)
at wrappers.GenericWrappers.takeSnap(GenericWrappers.java:626)
at utils.Reporter.reportStep(Reporter.java:19)
at wrappers.GenericWrappers.takeSnap(GenericWrappers.java:626)
at utils.Reporter.reportStep(Reporter.java:19)
at wrappers.GenericWrappers.takeSnap(GenericWrappers.java:626)
at utils.Reporter.reportStep(Reporter.java:19)
at wrappers.GenericWrappers.takeSnap(GenericWrappers.java:626)
at utils.Reporter.reportStep(Reporter.java:19)
at wrappers.GenericWrappers.takeSnap(GenericWrappers.java:626)
at utils.Reporter.reportStep(Reporter.java:19)
at wrappers.GenericWrappers.takeSnap(GenericWrappers.java:626)
at utils.Reporter.reportStep(Reporter.java:19)
at wrappers.GenericWrappers.takeSnap(GenericWrappers.java:626)
at utils.Reporter.reportStep(Reporter.java:19)
at wrappers.GenericWrappers.takeSnap(GenericWrappers.java:626)
at utils.Reporter.reportStep(Reporter.java:19)
at wrappers.GenericWrappers.takeSnap(GenericWrappers.java:626)
at utils.Reporter.reportStep(Reporter.java:19)
at wrappers.GenericWrappers.takeSnap(GenericWrappers.java:626)
at utils.Reporter.reportStep(Reporter.java:19)
at wrappers.GenericWrappers.takeSnap(GenericWrappers.java:626)
at utils.Reporter.reportStep(Reporter.java:19)
at wrappers.GenericWrappers.takeSnap(GenericWrappers.java:626)
at utils.Reporter.reportStep(Reporter.java:19)
at wrappers.GenericWrappers.takeSnap(GenericWrappers.java:626)
at utils.Reporter.reportStep(Reporter.java:19)
at wrappers.GenericWrappers.takeSnap(GenericWrappers.java:626)
at utils.Reporter.reportStep(Reporter.java:19)
at wrappers.GenericWrappers.takeSnap(GenericWrappers.java:626)
at utils.Reporter.reportStep(Reporter.java:19)
at wrappers.GenericWrappers.takeSnap(GenericWrappers.java:626)
at utils.Reporter.reportStep(Reporter.java:19)
at wrappers.GenericWrappers.takeSnap(GenericWrappers.java:626)
at utils.Reporter.reportStep(Reporter.java:19)
at wrappers.GenericWrappers.takeSnap(GenericWrappers.java:626)
at utils.Reporter.reportStep(Reporter.java:19)
at wrappers.GenericWrappers.takeSnap(GenericWrappers.java:626)
at utils.Reporter.reportStep(Reporter.java:19)
at wrappers.GenericWrappers.takeSnap(GenericWrappers.java:626)
at utils.Reporter.reportStep(Reporter.java:19)
at wrappers.GenericWrappers.takeSnap(GenericWrappers.java:626)
at utils.Reporter.reportStep(Reporter.java:19)
at wrappers.GenericWrappers.takeSnap(GenericWrappers.java:626)
at utils.Reporter.reportStep(Reporter.java:19)
at wrappers.GenericWrappers.takeSnap(GenericWrappers.java:626)
at utils.Reporter.reportStep(Reporter.java:19)
at wrappers.GenericWrappers.takeSnap(GenericWrappers.java:626)
at utils.Reporter.reportStep(Reporter.java:19)
at wrappers.GenericWrappers.takeSnap(GenericWrappers.java:626)
at utils.Reporter.reportStep(Reporter.java:19)
at wrappers.GenericWrappers.takeSnap(GenericWrappers.java:626)
at utils.Reporter.reportStep(Reporter.java:19)
at wrappers.GenericWrappers.takeSnap(GenericWrappers.java:626)
at utils.Reporter.reportStep(Reporter.java:19)
at wrappers.GenericWrappers.takeSnap(GenericWrappers.java:626)
at utils.Reporter.reportStep(Reporter.java:19)
at wrappers.GenericWrappers.takeSnap(GenericWrappers.java:626)
at utils.Reporter.reportStep(Reporter.java:19)
at wrappers.GenericWrappers.takeSnap(GenericWrappers.java:626)
at utils.Reporter.reportStep(Reporter.java:19)
at wrappers.GenericWrappers.takeSnap(GenericWrappers.java:626)
at utils.Reporter.reportStep(Reporter.java:19)
at wrappers.GenericWrappers.takeSnap(GenericWrappers.java:626)
at utils.Reporter.reportStep(Reporter.java:19)
at wrappers.GenericWrappers.takeSnap(GenericWrappers.java:626)
at utils.Reporter.reportStep(Reporter.java:19)
at wrappers.GenericWrappers.takeSnap(GenericWrappers.java:626)
at utils.Reporter.reportStep(Reporter.java:19)
at wrappers.GenericWrappers.takeSnap(GenericWrappers.java:626)
at utils.Reporter.reportStep(Reporter.java:19)
at wrappers.GenericWrappers.takeSnap(GenericWrappers.java:626)
at utils.Reporter.reportStep(Reporter.java:19)
at wrappers.GenericWrappers.takeSnap(GenericWrappers.java:626)
at utils.Reporter.reportStep(Reporter.java:19)
at wrappers.GenericWrappers.takeSnap(GenericWrappers.java:626)
at utils.Reporter.reportStep(Reporter.java:19)
at wrappers.GenericWrappers.takeSnap(GenericWrappers.java:626)
at utils.Reporter.reportStep(Reporter.java:19)
at wrappers.GenericWrappers.takeSnap(GenericWrappers.java:626)
at utils.Reporter.reportStep(Reporter.java:19)
at wrappers.GenericWrappers.takeSnap(GenericWrappers.java:626)
at utils.Reporter.reportStep(Reporter.java:19)
at wrappers.GenericWrappers.takeSnap(GenericWrappers.java:626)
at utils.Reporter.reportStep(Reporter.java:19)
at wrappers.GenericWrappers.takeSnap(GenericWrappers.java:626)
at utils.Reporter.reportStep(Reporter.java:19)
at wrappers.GenericWrappers.takeSnap(GenericWrappers.java:626)
at utils.Reporter.reportStep(Reporter.java:19)
at wrappers.GenericWrappers.takeSnap(GenericWrappers.java:626)
at utils.Reporter.reportStep(Reporter.java:19)
at wrappers.GenericWrappers.takeSnap(GenericWrappers.java:626)
at utils.Reporter.reportStep(Reporter.java:19)
at wrappers.GenericWrappers.takeSnap(GenericWrappers.java:626)
at utils.Reporter.reportStep(Reporter.java:19)
at wrappers.GenericWrappers.takeSnap(GenericWrappers.java:626)
at utils.Reporter.reportStep(Reporter.java:19)
at wrappers.GenericWrappers.takeSnap(GenericWrappers.java:626)
at utils.Reporter.reportStep(Reporter.java:19)
at wrappers.GenericWrappers.takeSnap(GenericWrappers.java:626)
at utils.Reporter.reportStep(Reporter.java:19)
at wrappers.GenericWrappers.takeSnap(GenericWrappers.java:626)
at utils.Reporter.reportStep(Reporter.java:19)
at wrappers.GenericWrappers.takeSnap(GenericWrappers.java:626)
at utils.Reporter.reportStep(Reporter.java:19)
at wrappers.GenericWrappers.takeSnap(GenericWrappers.java:626)
at utils.Reporter.reportStep(Reporter.java:19)
at wrappers.GenericWrappers.takeSnap(GenericWrappers.java:626)
at utils.Reporter.reportStep(Reporter.java:19)
at wrappers.GenericWrappers.takeSnap(GenericWrappers.java:626)
at utils.Reporter.reportStep(Reporter.java:19)
at wrappers.GenericWrappers.takeSnap(GenericWrappers.java:626)
at utils.Reporter.reportStep(Reporter.java:19)
at wrappers.GenericWrappers.takeSnap(GenericWrappers.java:626)
at utils.Reporter.reportStep(Reporter.java:19)
at wrappers.GenericWrappers.takeSnap(GenericWrappers.java:626)
at utils.Reporter.reportStep(Reporter.java:19)
at wrappers.GenericWrappers.takeSnap(GenericWrappers.java:626)
at utils.Reporter.reportStep(Reporter.java:19)
at wrappers.GenericWrappers.takeSnap(GenericWrappers.java:626)
at utils.Reporter.reportStep(Reporter.java:19)
at wrappers.GenericWrappers.takeSnap(GenericWrappers.java:626)
at utils.Reporter.reportStep(Reporter.java:19)
at wrappers.GenericWrappers.takeSnap(GenericWrappers.java:626)
at utils.Reporter.reportStep(Reporter.java:19)
at wrappers.GenericWrappers.takeSnap(GenericWrappers.java:626)
at utils.Reporter.reportStep(Reporter.java:19)
at wrappers.GenericWrappers.takeSnap(GenericWrappers.java:626)
at utils.Reporter.reportStep(Reporter.java:19)
at wrappers.GenericWrappers.takeSnap(GenericWrappers.java:626)
at utils.Reporter.reportStep(Reporter.java:19)
at wrappers.GenericWrappers.takeSnap(GenericWrappers.java:626)
at utils.Reporter.reportStep(Reporter.java:19)
at wrappers.GenericWrappers.takeSnap(GenericWrappers.java:626)
at utils.Reporter.reportStep(Reporter.java:19)
at wrappers.GenericWrappers.takeSnap(GenericWrappers.java:626)
at utils.Reporter.reportStep(Reporter.java:19)
at wrappers.GenericWrappers.takeSnap(GenericWrappers.java:626)
at utils.Reporter.reportStep(Reporter.java:19)
at wrappers.GenericWrappers.takeSnap(GenericWrappers.java:626)
at utils.Reporter.reportStep(Reporter.java:19)
at wrappers.GenericWrappers.takeSnap(GenericWrappers.java:626)
at utils.Reporter.reportStep(Reporter.java:19)
at wrappers.GenericWrappers.takeSnap(GenericWrappers.java:626)
at utils.Reporter.reportStep(Reporter.java:19)
at wrappers.GenericWrappers.takeSnap(GenericWrappers.java:626)
at utils.Reporter.reportStep(Reporter.java:19)
at wrappers.GenericWrappers.takeSnap(GenericWrappers.java:626)
at utils.Reporter.reportStep(Reporter.java:19)
at wrappers.GenericWrappers.takeSnap(GenericWrappers.java:626)
at utils.Reporter.reportStep(Reporter.java:19)
at wrappers.GenericWrappers.takeSnap(GenericWrappers.java:626)
at utils.Reporter.reportStep(Reporter.java:19)
at wrappers.GenericWrappers.takeSnap(GenericWrappers.java:626)
at utils.Reporter.reportStep(Reporter.java:19)
at wrappers.GenericWrappers.takeSnap(GenericWrappers.java:626)
at utils.Reporter.reportStep(Reporter.java:19)
at wrappers.GenericWrappers.takeSnap(GenericWrappers.java:626)
at utils.Reporter.reportStep(Reporter.java:19)
at wrappers.GenericWrappers.takeSnap(GenericWrappers.java:626)
at utils.Reporter.reportStep(Reporter.java:19)
at wrappers.GenericWrappers.takeSnap(GenericWrappers.java:626)
at utils.Reporter.reportStep(Reporter.java:19)
at wrappers.GenericWrappers.takeSnap(GenericWrappers.java:626)
at utils.Reporter.reportStep(Reporter.java:19)
at wrappers.GenericWrappers.takeSnap(GenericWrappers.java:626)
at utils.Reporter.reportStep(Reporter.java:19)
at wrappers.GenericWrappers.takeSnap(GenericWrappers.java:626)
at utils.Reporter.reportStep(Reporter.java:19)
at wrappers.GenericWrappers.takeSnap(GenericWrappers.java:626)
at utils.Reporter.reportStep(Reporter.java:19)
at wrappers.GenericWrappers.takeSnap(GenericWrappers.java:626)
at utils.Reporter.reportStep(Reporter.java:19)
at wrappers.GenericWrappers.takeSnap(GenericWrappers.java:626)
at utils.Reporter.reportStep(Reporter.java:19)
at wrappers.GenericWrappers.takeSnap(GenericWrappers.java:626)
at utils.Reporter.reportStep(Reporter.java:19)
at wrappers.GenericWrappers.takeSnap(GenericWrappers.java:626)
at utils.Reporter.reportStep(Reporter.java:19)
at wrappers.GenericWrappers.takeSnap(GenericWrappers.java:626)
at utils.Reporter.reportStep(Reporter.java:19)
at wrappers.GenericWrappers.takeSnap(GenericWrappers.java:626)
at utils.Reporter.reportStep(Reporter.java:19)
at wrappers.GenericWrappers.takeSnap(GenericWrappers.java:626)
at utils.Reporter.reportStep(Reporter.java:19)
at wrappers.GenericWrappers.takeSnap(GenericWrappers.java:626)
at utils.Reporter.reportStep(Reporter.java:19)
at wrappers.GenericWrappers.takeSnap(GenericWrappers.java:626)
at utils.Reporter.reportStep(Reporter.java:19)
at wrappers.GenericWrappers.takeSnap(GenericWrappers.java:626)
at utils.Reporter.reportStep(Reporter.java:19)
at wrappers.GenericWrappers.takeSnap(GenericWrappers.java:626)
at utils.Reporter.reportStep(Reporter.java:19)
at wrappers.GenericWrappers.takeSnap(GenericWrappers.java:626)
at utils.Reporter.reportStep(Reporter.java:19)
at wrappers.GenericWrappers.takeSnap(GenericWrappers.java:626)
at utils.Reporter.reportStep(Reporter.java:19)
at wrappers.GenericWrappers.takeSnap(GenericWrappers.java:626)
at utils.Reporter.reportStep(Reporter.java:19)
at wrappers.GenericWrappers.takeSnap(GenericWrappers.java:626)
at utils.Reporter.reportStep(Reporter.java:19)
at wrappers.GenericWrappers.takeSnap(GenericWrappers.java:626)
at utils.Reporter.reportStep(Reporter.java:19)
at wrappers.GenericWrappers.takeSnap(GenericWrappers.java:626)
at utils.Reporter.reportStep(Reporter.java:19)
at wrappers.GenericWrappers.takeSnap(GenericWrappers.java:626)
at utils.Reporter.reportStep(Reporter.java:19)
at wrappers.GenericWrappers.takeSnap(GenericWrappers.java:626)
at utils.Reporter.reportStep(Reporter.java:19)
at wrappers.GenericWrappers.takeSnap(GenericWrappers.java:626)
at utils.Reporter.reportStep(Reporter.java:19)
at wrappers.GenericWrappers.takeSnap(GenericWrappers.java:626)
at utils.Reporter.reportStep(Reporter.java:19)
at wrappers.GenericWrappers.takeSnap(GenericWrappers.java:626)
at utils.Reporter.reportStep(Reporter.java:19)
at wrappers.GenericWrappers.takeSnap(GenericWrappers.java:626)
at utils.Reporter.reportStep(Reporter.java:19)
at wrappers.GenericWrappers.takeSnap(GenericWrappers.java:626)
at utils.Reporter.reportStep(Reporter.java:19)
at wrappers.GenericWrappers.takeSnap(GenericWrappers.java:626)
at utils.Reporter.reportStep(Reporter.java:19)
at wrappers.GenericWrappers.takeSnap(GenericWrappers.java:626)
at utils.Reporter.reportStep(Reporter.java:19)
at wrappers.GenericWrappers.takeSnap(GenericWrappers.java:626)
at utils.Reporter.reportStep(Reporter.java:19)
at wrappers.GenericWrappers.takeSnap(GenericWrappers.java:626)
at utils.Reporter.reportStep(Reporter.java:19)
at wrappers.GenericWrappers.takeSnap(GenericWrappers.java:626)
at utils.Reporter.reportStep(Reporter.java:19)
at wrappers.GenericWrappers.takeSnap(GenericWrappers.java:626)
at utils.Reporter.reportStep(Reporter.java:19)
at wrappers.GenericWrappers.takeSnap(GenericWrappers.java:626)
at utils.Reporter.reportStep(Reporter.java:19)
at wrappers.GenericWrappers.takeSnap(GenericWrappers.java:626)
at utils.Reporter.reportStep(Reporter.java:19)
at wrappers.GenericWrappers.takeSnap(GenericWrappers.java:626)
at utils.Reporter.reportStep(Reporter.java:19)
at wrappers.GenericWrappers.takeSnap(GenericWrappers.java:626)
at utils.Reporter.reportStep(Reporter.java:19)
at wrappers.GenericWrappers.takeSnap(GenericWrappers.java:626)
at utils.Reporter.reportStep(Reporter.java:19)
at wrappers.GenericWrappers.takeSnap(GenericWrappers.java:626)
at utils.Reporter.reportStep(Reporter.java:19)
at wrappers.GenericWrappers.takeSnap(GenericWrappers.java:626)
at utils.Reporter.reportStep(Reporter.java:19)
at wrappers.GenericWrappers.takeSnap(GenericWrappers.java:626)
at utils.Reporter.reportStep(Reporter.java:19)
at wrappers.GenericWrappers.takeSnap(GenericWrappers.java:626)
at utils.Reporter.reportStep(Reporter.java:19)
at wrappers.GenericWrappers.takeSnap(GenericWrappers.java:626)
at utils.Reporter.reportStep(Reporter.java:19)
at wrappers.GenericWrappers.takeSnap(GenericWrappers.java:626)
at utils.Reporter.reportStep(Reporter.java:19)
at wrappers.GenericWrappers.takeSnap(GenericWrappers.java:626)
at utils.Reporter.reportStep(Reporter.java:19)
at wrappers.GenericWrappers.takeSnap(GenericWrappers.java:626)
at utils.Reporter.reportStep(Reporter.java:19)
at wrappers.GenericWrappers.takeSnap(GenericWrappers.java:626)
at utils.Reporter.reportStep(Reporter.java:19)
at wrappers.GenericWrappers.takeSnap(GenericWrappers.java:626)
at utils.Reporter.reportStep(Reporter.java:19)
at wrappers.GenericWrappers.takeSnap(GenericWrappers.java:626)
at utils.Reporter.reportStep(Reporter.java:19)
at wrappers.GenericWrappers.takeSnap(GenericWrappers.java:626)
at utils.Reporter.reportStep(Reporter.java:19)
at wrappers.GenericWrappers.takeSnap(GenericWrappers.java:626)
at utils.Reporter.reportStep(Reporter.java:19)
at wrappers.GenericWrappers.takeSnap(GenericWrappers.java:626)
at utils.Reporter.reportStep(Reporter.java:19)
at wrappers.GenericWrappers.takeSnap(GenericWrappers.java:626)
at utils.Reporter.reportStep(Reporter.java:19)
at wrappers.GenericWrappers.takeSnap(GenericWrappers.java:626)
at utils.Reporter.reportStep(Reporter.java:19)
at wrappers.GenericWrappers.takeSnap(GenericWrappers.java:626)
at utils.Reporter.reportStep(Reporter.java:19)
at wrappers.GenericWrappers.takeSnap(GenericWrappers.java:626)
at utils.Reporter.reportStep(Reporter.java:19)
at wrappers.GenericWrappers.takeSnap(GenericWrappers.java:626)
at utils.Reporter.reportStep(Reporter.java:19)
at wrappers.GenericWrappers.takeSnap(GenericWrappers.java:626)
at utils.Reporter.reportStep(Reporter.java:19)
at wrappers.GenericWrappers.takeSnap(GenericWrappers.java:626)
at utils.Reporter.reportStep(Reporter.java:19)
at wrappers.GenericWrappers.takeSnap(GenericWrappers.java:626)
at utils.Reporter.reportStep(Reporter.java:19)
at wrappers.GenericWrappers.takeSnap(GenericWrappers.java:626)
at utils.Reporter.reportStep(Reporter.java:19)
at wrappers.GenericWrappers.takeSnap(GenericWrappers.java:626)
at utils.Reporter.reportStep(Reporter.java:19)
at wrappers.GenericWrappers.takeSnap(GenericWrappers.java:626)
at utils.Reporter.reportStep(Reporter.java:19)
at wrappers.GenericWrappers.takeSnap(GenericWrappers.java:626)
at utils.Reporter.reportStep(Reporter.java:19)
at wrappers.GenericWrappers.takeSnap(GenericWrappers.java:626)
at utils.Reporter.reportStep(Reporter.java:19)
at wrappers.GenericWrappers.takeSnap(GenericWrappers.java:626)
at utils.Reporter.reportStep(Reporter.java:19)
at wrappers.GenericWrappers.takeSnap(GenericWrappers.java:626)
at utils.Reporter.reportStep(Reporter.java:19)
at wrappers.GenericWrappers.takeSnap(GenericWrappers.java:626)
at utils.Reporter.reportStep(Reporter.java:19)
at wrappers.GenericWrappers.takeSnap(GenericWrappers.java:626)
at utils.Reporter.reportStep(Reporter.java:19)
at wrappers.GenericWrappers.takeSnap(GenericWrappers.java:626)
at utils.Reporter.reportStep(Reporter.java:19)
at wrappers.GenericWrappers.takeSnap(GenericWrappers.java:626)
at utils.Reporter.reportStep(Reporter.java:19)
at wrappers.GenericWrappers.takeSnap(GenericWrappers.java:626)
at utils.Reporter.reportStep(Reporter.java:19)
at wrappers.GenericWrappers.takeSnap(GenericWrappers.java:626)
at utils.Reporter.reportStep(Reporter.java:19)
at wrappers.GenericWrappers.takeSnap(GenericWrappers.java:626)
at utils.Reporter.reportStep(Reporter.java:19)
at wrappers.GenericWrappers.takeSnap(GenericWrappers.java:626)
at utils.Reporter.reportStep(Reporter.java:19)
at wrappers.GenericWrappers.takeSnap(GenericWrappers.java:626)
at utils.Reporter.reportStep(Reporter.java:19)
at wrappers.GenericWrappers.takeSnap(GenericWrappers.java:626)
at utils.Reporter.reportStep(Reporter.java:19)
at wrappers.GenericWrappers.takeSnap(GenericWrappers.java:626)
at utils.Reporter.reportStep(Reporter.java:19)
at wrappers.GenericWrappers.takeSnap(GenericWrappers.java:626)
at utils.Reporter.reportStep(Reporter.java:19)
at wrappers.GenericWrappers.takeSnap(GenericWrappers.java:626)
at utils.Reporter.reportStep(Reporter.java:19)
at wrappers.GenericWrappers.takeSnap(GenericWrappers.java:626)
at utils.Reporter.reportStep(Reporter.java:19)
at wrappers.GenericWrappers.takeSnap(GenericWrappers.java:626)
at utils.Reporter.reportStep(Reporter.java:19)
at wrappers.GenericWrappers.takeSnap(GenericWrappers.java:626)
at utils.Reporter.reportStep(Reporter.java:19)
at wrappers.GenericWrappers.takeSnap(GenericWrappers.java:626)
at utils.Reporter.reportStep(Reporter.java:19)
at wrappers.GenericWrappers.takeSnap(GenericWrappers.java:626)
at utils.Reporter.reportStep(Reporter.java:19)
at wrappers.GenericWrappers.takeSnap(GenericWrappers.java:626)
at utils.Reporter.reportStep(Reporter.java:19)
at wrappers.GenericWrappers.takeSnap(GenericWrappers.java:626)
at utils.Reporter.reportStep(Reporter.java:19)
at wrappers.GenericWrappers.takeSnap(GenericWrappers.java:626)
at utils.Reporter.reportStep(Reporter.java:19)
at wrappers.GenericWrappers.takeSnap(GenericWrappers.java:626)
at utils.Reporter.reportStep(Reporter.java:19)
at wrappers.GenericWrappers.takeSnap(GenericWrappers.java:626)
at utils.Reporter.reportStep(Reporter.java:19)
at wrappers.GenericWrappers.takeSnap(GenericWrappers.java:626)
at utils.Reporter.reportStep(Reporter.java:19)
at wrappers.GenericWrappers.takeSnap(GenericWrappers.java:626)
at utils.Reporter.reportStep(Reporter.java:19)
at wrappers.GenericWrappers.takeSnap(GenericWrappers.java:626)
at utils.Reporter.reportStep(Reporter.java:19)
at wrappers.GenericWrappers.takeSnap(GenericWrappers.java:626)
at utils.Reporter.reportStep(Reporter.java:19)
at wrappers.GenericWrappers.takeSnap(GenericWrappers.java:626)
at utils.Reporter.reportStep(Reporter.java:19)
at wrappers.GenericWrappers.takeSnap(GenericWrappers.java:626)
at utils.Reporter.reportStep(Reporter.java:19)
at wrappers.GenericWrappers.takeSnap(GenericWrappers.java:626)
at utils.Reporter.reportStep(Reporter.java:19)
at wrappers.GenericWrappers.takeSnap(GenericWrappers.java:626)
at utils.Reporter.reportStep(Reporter.java:19)
at wrappers.GenericWrappers.takeSnap(GenericWrappers.java:626)
at utils.Reporter.reportStep(Reporter.java:19)
at wrappers.GenericWrappers.takeSnap(GenericWrappers.java:626)
at utils.Reporter.reportStep(Reporter.java:19)
at wrappers.GenericWrappers.takeSnap(GenericWrappers.java:626)
at utils.Reporter.reportStep(Reporter.java:19)
at wrappers.GenericWrappers.takeSnap(GenericWrappers.java:626)
at utils.Reporter.reportStep(Reporter.java:19)
at wrappers.GenericWrappers.takeSnap(GenericWrappers.java:626)
at utils.Reporter.reportStep(Reporter.java:19)
at wrappers.GenericWrappers.takeSnap(GenericWrappers.java:626)
at utils.Reporter.reportStep(Reporter.java:19)
at wrappers.GenericWrappers.takeSnap(GenericWrappers.java:626)
at utils.Reporter.reportStep(Reporter.java:19)
]]>
    </failure>
  </testcase> <!-- @BeforeMethod beforeMethod -->
  <testcase name="@AfterTest afterTest" time="0.0" classname="wrappers.ProjectSpecificWrappers">
    <skipped/>
  </testcase> <!-- @AfterTest afterTest -->
  <testcase name="login" time="0.0" classname="testcases.SC01TC01">
    <skipped/>
  </testcase> <!-- login -->
</testsuite> <!-- Default test -->
