<?xml version="1.0" encoding="UTF-8"?>
<!-- Generated by org.testng.reporters.JUnitXMLReporter -->
<testsuite hostname="SUCCESS" name="Test" tests="5" failures="1" timestamp="8 Jan 2017 04:32:34 GMT" time="277.176" errors="0">
  <testcase name="ML" time="16.932" classname="testcases.MergeLead">
    <failure type="java.lang.RuntimeException" message="FAILED">
      <![CDATA[java.lang.RuntimeException: FAILED
	at utils.Reporter.reportStep(Reporter.java:46)
	at pages.FindLead.<init>(FindLead.java:16)
	at pages.MergeLeadPage.clickfromiconbyxpath(MergeLeadPage.java:21)
	at testcases.MergeLead.ML(MergeLead.java:37)
	at sun.reflect.NativeMethodAccessorImpl.invoke0(Native Method)
	at sun.reflect.NativeMethodAccessorImpl.invoke(Unknown Source)
	at sun.reflect.DelegatingMethodAccessorImpl.invoke(Unknown Source)
	at java.lang.reflect.Method.invoke(Unknown Source)
	at org.testng.internal.MethodInvocationHelper.invokeMethod(MethodInvocationHelper.java:85)
	at org.testng.internal.Invoker.invokeMethod(Invoker.java:639)
	at org.testng.internal.Invoker.invokeTestMethod(Invoker.java:816)
	at org.testng.internal.Invoker.invokeTestMethods(Invoker.java:1124)
	at org.testng.internal.TestMethodWorker.invokeTestMethods(TestMethodWorker.java:124)
	at org.testng.internal.TestMethodWorker.run(TestMethodWorker.java:108)
	at java.util.concurrent.ThreadPoolExecutor.runWorker(Unknown Source)
	at java.util.concurrent.ThreadPoolExecutor$Worker.run(Unknown Source)
	at java.lang.Thread.run(Unknown Source)
]]>
    </failure>
  </testcase> <!-- ML -->
  <testcase name="EL" time="37.858" classname="testcases.EditLead"/>
  <testcase name="DUL" time="44.902" classname="testcases.DuplicateLead"/>
  <testcase name="login" time="44.824" classname="testcases.CreateLead"/>
  <testcase name="DEL" time="213.061" classname="testcases.DeleteLead"/>
</testsuite> <!-- Test -->
