<?xml version="1.0" encoding="UTF-8"?>
<testng-results skipped="1" failed="0" ignored="0" total="1" passed="0">
  <reporter-output>
  </reporter-output>
  <suite name="Default suite" duration-ms="67316" started-at="2018-11-14T07:54:43Z" finished-at="2018-11-14T07:55:50Z">
    <groups>
    </groups>
    <test name="Default test" duration-ms="67316" started-at="2018-11-14T07:54:43Z" finished-at="2018-11-14T07:55:50Z">
      <class name="testcases.SC01TC01">
        <test-method status="PASS" signature="beforeSuite()[pri:0, instance:testcases.SC01TC01@df27fae]" name="beforeSuite" is-config="true" duration-ms="397" started-at="2018-11-14T07:54:43Z" finished-at="2018-11-14T07:54:43Z">
          <reporter-output>
          </reporter-output>
        </test-method> <!-- beforeSuite -->
        <test-method status="PASS" signature="beforeTest()[pri:0, instance:testcases.SC01TC01@df27fae]" name="beforeTest" is-config="true" duration-ms="0" started-at="2018-11-14T07:54:43Z" finished-at="2018-11-14T07:54:43Z">
          <reporter-output>
          </reporter-output>
        </test-method> <!-- beforeTest -->
        <test-method status="PASS" signature="setData()[pri:0, instance:testcases.SC01TC01@df27fae]" name="setData" is-config="true" duration-ms="0" started-at="2018-11-14T07:54:43Z" finished-at="2018-11-14T07:54:43Z">
          <reporter-output>
          </reporter-output>
        </test-method> <!-- setData -->
        <test-method status="FAIL" signature="beforeMethod()[pri:0, instance:testcases.SC01TC01@df27fae]" name="beforeMethod" is-config="true" duration-ms="67144" started-at="2018-11-14T07:54:43Z" finished-at="2018-11-14T07:55:50Z">
          <exception class="java.lang.StackOverflowError">
            <full-stacktrace>
              <![CDATA[java.lang.StackOverflowError
at org.openqa.selenium.remote.service.DriverCommandExecutor.execute(DriverCommandExecutor.java:84)
at org.openqa.selenium.remote.RemoteWebDriver.execute(RemoteWebDriver.java:601)
at org.openqa.selenium.remote.RemoteWebDriver.execute(RemoteWebDriver.java:658)
at org.openqa.selenium.remote.RemoteWebDriver.getScreenshotAs(RemoteWebDriver.java:340)
at wrappers.GenericWrappers.takeSnap(GenericWrappers.java:623)
at utils.Reporter.reportStep(Reporter.java:19)
at wrappers.GenericWrappers.takeSnap(GenericWrappers.java:626)
at utils.Reporter.reportStep(Reporter.java:19)
at wrappers.GenericWrappers.takeSnap(GenericWrappers.java:626)
at utils.Reporter.reportStep(Reporter.java:19)
at wrappers.GenericWrappers.takeSnap(GenericWrappers.java:626)
at utils.Reporter.reportStep(Reporter.java:19)
at wrappers.GenericWrappers.takeSnap(GenericWrappers.java:626)
at utils.Reporter.reportStep(Reporter.java:19)
at wrappers.GenericWrappers.takeSnap(GenericWrappers.java:626)
at utils.Reporter.reportStep(Reporter.java:19)
at wrappers.GenericWrappers.takeSnap(GenericWrappers.java:626)
at utils.Reporter.reportStep(Reporter.java:19)
at wrappers.GenericWrappers.takeSnap(GenericWrappers.java:626)
at utils.Reporter.reportStep(Reporter.java:19)
at wrappers.GenericWrappers.takeSnap(GenericWrappers.java:626)
at utils.Reporter.reportStep(Reporter.java:19)
at wrappers.GenericWrappers.takeSnap(GenericWrappers.java:626)
at utils.Reporter.reportStep(Reporter.java:19)
at wrappers.GenericWrappers.takeSnap(GenericWrappers.java:626)
at utils.Reporter.reportStep(Reporter.java:19)
at wrappers.GenericWrappers.takeSnap(GenericWrappers.java:626)
at utils.Reporter.reportStep(Reporter.java:19)
at wrappers.GenericWrappers.takeSnap(GenericWrappers.java:626)
at utils.Reporter.reportStep(Reporter.java:19)
at wrappers.GenericWrappers.takeSnap(GenericWrappers.java:626)
at utils.Reporter.reportStep(Reporter.java:19)
at wrappers.GenericWrappers.takeSnap(GenericWrappers.java:626)
at utils.Reporter.reportStep(Reporter.java:19)
at wrappers.GenericWrappers.takeSnap(GenericWrappers.java:626)
at utils.Reporter.reportStep(Reporter.java:19)
at wrappers.GenericWrappers.takeSnap(GenericWrappers.java:626)
at utils.Reporter.reportStep(Reporter.java:19)
at wrappers.GenericWrappers.takeSnap(GenericWrappers.java:626)
at utils.Reporter.reportStep(Reporter.java:19)
at wrappers.GenericWrappers.takeSnap(GenericWrappers.java:626)
at utils.Reporter.reportStep(Reporter.java:19)
at wrappers.GenericWrappers.takeSnap(GenericWrappers.java:626)
at utils.Reporter.reportStep(Reporter.java:19)
at wrappers.GenericWrappers.takeSnap(GenericWrappers.java:626)
at utils.Reporter.reportStep(Reporter.java:19)
at wrappers.GenericWrappers.takeSnap(GenericWrappers.java:626)
at utils.Reporter.reportStep(Reporter.java:19)
at wrappers.GenericWrappers.takeSnap(GenericWrappers.java:626)
at utils.Reporter.reportStep(Reporter.java:19)
at wrappers.GenericWrappers.takeSnap(GenericWrappers.java:626)
at utils.Reporter.reportStep(Reporter.java:19)
at wrappers.GenericWrappers.takeSnap(GenericWrappers.java:626)
at utils.Reporter.reportStep(Reporter.java:19)
at wrappers.GenericWrappers.takeSnap(GenericWrappers.java:626)
at utils.Reporter.reportStep(Reporter.java:19)
at wrappers.GenericWrappers.takeSnap(GenericWrappers.java:626)
at utils.Reporter.reportStep(Reporter.java:19)
at wrappers.GenericWrappers.takeSnap(GenericWrappers.java:626)
at utils.Reporter.reportStep(Reporter.java:19)
at wrappers.GenericWrappers.takeSnap(GenericWrappers.java:626)
at utils.Reporter.reportStep(Reporter.java:19)
at wrappers.GenericWrappers.takeSnap(GenericWrappers.java:626)
at utils.Reporter.reportStep(Reporter.java:19)
at wrappers.GenericWrappers.takeSnap(GenericWrappers.java:626)
at utils.Reporter.reportStep(Reporter.java:19)
at wrappers.GenericWrappers.takeSnap(GenericWrappers.java:626)
at utils.Reporter.reportStep(Reporter.java:19)
at wrappers.GenericWrappers.takeSnap(GenericWrappers.java:626)
at utils.Reporter.reportStep(Reporter.java:19)
at wrappers.GenericWrappers.takeSnap(GenericWrappers.java:626)
at utils.Reporter.reportStep(Reporter.java:19)
at wrappers.GenericWrappers.takeSnap(GenericWrappers.java:626)
at utils.Reporter.reportStep(Reporter.java:19)
at wrappers.GenericWrappers.takeSnap(GenericWrappers.java:626)
at utils.Reporter.reportStep(Reporter.java:19)
at wrappers.GenericWrappers.takeSnap(GenericWrappers.java:626)
at utils.Reporter.reportStep(Reporter.java:19)
at wrappers.GenericWrappers.takeSnap(GenericWrappers.java:626)
at utils.Reporter.reportStep(Reporter.java:19)
at wrappers.GenericWrappers.takeSnap(GenericWrappers.java:626)
at utils.Reporter.reportStep(Reporter.java:19)
at wrappers.GenericWrappers.takeSnap(GenericWrappers.java:626)
at utils.Reporter.reportStep(Reporter.java:19)
at wrappers.GenericWrappers.takeSnap(GenericWrappers.java:626)
at utils.Reporter.reportStep(Reporter.java:19)
at wrappers.GenericWrappers.takeSnap(GenericWrappers.java:626)
at utils.Reporter.reportStep(Reporter.java:19)
at wrappers.GenericWrappers.takeSnap(GenericWrappers.java:626)
at utils.Reporter.reportStep(Reporter.java:19)
at wrappers.GenericWrappers.takeSnap(GenericWrappers.java:626)
at utils.Reporter.reportStep(Reporter.java:19)
at wrappers.GenericWrappers.takeSnap(GenericWrappers.java:626)
at utils.Reporter.reportStep(Reporter.java:19)
at wrappers.GenericWrappers.takeSnap(GenericWrappers.java:626)
at utils.Reporter.reportStep(Reporter.java:19)
at wrappers.GenericWrappers.takeSnap(GenericWrappers.java:626)
at utils.Reporter.reportStep(Reporter.java:19)
at wrappers.GenericWrappers.takeSnap(GenericWrappers.java:626)
at utils.Reporter.reportStep(Reporter.java:19)
at wrappers.GenericWrappers.takeSnap(GenericWrappers.java:626)
at utils.Reporter.reportStep(Reporter.java:19)
at wrappers.GenericWrappers.takeSnap(GenericWrappers.java:626)
at utils.Reporter.reportStep(Reporter.java:19)
at wrappers.GenericWrappers.takeSnap(GenericWrappers.java:626)
at utils.Reporter.reportStep(Reporter.java:19)
at wrappers.GenericWrappers.takeSnap(GenericWrappers.java:626)
at utils.Reporter.reportStep(Reporter.java:19)
at wrappers.GenericWrappers.takeSnap(GenericWrappers.java:626)
at utils.Reporter.reportStep(Reporter.java:19)
at wrappers.GenericWrappers.takeSnap(GenericWrappers.java:626)
at utils.Reporter.reportStep(Reporter.java:19)
at wrappers.GenericWrappers.takeSnap(GenericWrappers.java:626)
at utils.Reporter.reportStep(Reporter.java:19)
at wrappers.GenericWrappers.takeSnap(GenericWrappers.java:626)
at utils.Reporter.reportStep(Reporter.java:19)
at wrappers.GenericWrappers.takeSnap(GenericWrappers.java:626)
at utils.Reporter.reportStep(Reporter.java:19)
at wrappers.GenericWrappers.takeSnap(GenericWrappers.java:626)
at utils.Reporter.reportStep(Reporter.java:19)
at wrappers.GenericWrappers.takeSnap(GenericWrappers.java:626)
at utils.Reporter.reportStep(Reporter.java:19)
at wrappers.GenericWrappers.takeSnap(GenericWrappers.java:626)
at utils.Reporter.reportStep(Reporter.java:19)
at wrappers.GenericWrappers.takeSnap(GenericWrappers.java:626)
at utils.Reporter.reportStep(Reporter.java:19)
at wrappers.GenericWrappers.takeSnap(GenericWrappers.java:626)
at utils.Reporter.reportStep(Reporter.java:19)
at wrappers.GenericWrappers.takeSnap(GenericWrappers.java:626)
at utils.Reporter.reportStep(Reporter.java:19)
at wrappers.GenericWrappers.takeSnap(GenericWrappers.java:626)
at utils.Reporter.reportStep(Reporter.java:19)
at wrappers.GenericWrappers.takeSnap(GenericWrappers.java:626)
at utils.Reporter.reportStep(Reporter.java:19)
at wrappers.GenericWrappers.takeSnap(GenericWrappers.java:626)
at utils.Reporter.reportStep(Reporter.java:19)
at wrappers.GenericWrappers.takeSnap(GenericWrappers.java:626)
at utils.Reporter.reportStep(Reporter.java:19)
at wrappers.GenericWrappers.takeSnap(GenericWrappers.java:626)
at utils.Reporter.reportStep(Reporter.java:19)
at wrappers.GenericWrappers.takeSnap(GenericWrappers.java:626)
at utils.Reporter.reportStep(Reporter.java:19)
at wrappers.GenericWrappers.takeSnap(GenericWrappers.java:626)
at utils.Reporter.reportStep(Reporter.java:19)
at wrappers.GenericWrappers.takeSnap(GenericWrappers.java:626)
at utils.Reporter.reportStep(Reporter.java:19)
at wrappers.GenericWrappers.takeSnap(GenericWrappers.java:626)
at utils.Reporter.reportStep(Reporter.java:19)
at wrappers.GenericWrappers.takeSnap(GenericWrappers.java:626)
at utils.Reporter.reportStep(Reporter.java:19)
at wrappers.GenericWrappers.takeSnap(GenericWrappers.java:626)
at utils.Reporter.reportStep(Reporter.java:19)
at wrappers.GenericWrappers.takeSnap(GenericWrappers.java:626)
at utils.Reporter.reportStep(Reporter.java:19)
at wrappers.GenericWrappers.takeSnap(GenericWrappers.java:626)
at utils.Reporter.reportStep(Reporter.java:19)
at wrappers.GenericWrappers.takeSnap(GenericWrappers.java:626)
at utils.Reporter.reportStep(Reporter.java:19)
at wrappers.GenericWrappers.takeSnap(GenericWrappers.java:626)
at utils.Reporter.reportStep(Reporter.java:19)
at wrappers.GenericWrappers.takeSnap(GenericWrappers.java:626)
at utils.Reporter.reportStep(Reporter.java:19)
at wrappers.GenericWrappers.takeSnap(GenericWrappers.java:626)
at utils.Reporter.reportStep(Reporter.java:19)
at wrappers.GenericWrappers.takeSnap(GenericWrappers.java:626)
at utils.Reporter.reportStep(Reporter.java:19)
at wrappers.GenericWrappers.takeSnap(GenericWrappers.java:626)
at utils.Reporter.reportStep(Reporter.java:19)
at wrappers.GenericWrappers.takeSnap(GenericWrappers.java:626)
at utils.Reporter.reportStep(Reporter.java:19)
at wrappers.GenericWrappers.takeSnap(GenericWrappers.java:626)
at utils.Reporter.reportStep(Reporter.java:19)
at wrappers.GenericWrappers.takeSnap(GenericWrappers.java:626)
at utils.Reporter.reportStep(Reporter.java:19)
at wrappers.GenericWrappers.takeSnap(GenericWrappers.java:626)
at utils.Reporter.reportStep(Reporter.java:19)
at wrappers.GenericWrappers.takeSnap(GenericWrappers.java:626)
at utils.Reporter.reportStep(Reporter.java:19)
at wrappers.GenericWrappers.takeSnap(GenericWrappers.java:626)
at utils.Reporter.reportStep(Reporter.java:19)
at wrappers.GenericWrappers.takeSnap(GenericWrappers.java:626)
at utils.Reporter.reportStep(Reporter.java:19)
at wrappers.GenericWrappers.takeSnap(GenericWrappers.java:626)
at utils.Reporter.reportStep(Reporter.java:19)
at wrappers.GenericWrappers.takeSnap(GenericWrappers.java:626)
at utils.Reporter.reportStep(Reporter.java:19)
at wrappers.GenericWrappers.takeSnap(GenericWrappers.java:626)
at utils.Reporter.reportStep(Reporter.java:19)
at wrappers.GenericWrappers.takeSnap(GenericWrappers.java:626)
at utils.Reporter.reportStep(Reporter.java:19)
at wrappers.GenericWrappers.takeSnap(GenericWrappers.java:626)
at utils.Reporter.reportStep(Reporter.java:19)
at wrappers.GenericWrappers.takeSnap(GenericWrappers.java:626)
at utils.Reporter.reportStep(Reporter.java:19)
at wrappers.GenericWrappers.takeSnap(GenericWrappers.java:626)
at utils.Reporter.reportStep(Reporter.java:19)
at wrappers.GenericWrappers.takeSnap(GenericWrappers.java:626)
at utils.Reporter.reportStep(Reporter.java:19)
at wrappers.GenericWrappers.takeSnap(GenericWrappers.java:626)
at utils.Reporter.reportStep(Reporter.java:19)
at wrappers.GenericWrappers.takeSnap(GenericWrappers.java:626)
at utils.Reporter.reportStep(Reporter.java:19)
at wrappers.GenericWrappers.takeSnap(GenericWrappers.java:626)
at utils.Reporter.reportStep(Reporter.java:19)
at wrappers.GenericWrappers.takeSnap(GenericWrappers.java:626)
at utils.Reporter.reportStep(Reporter.java:19)
at wrappers.GenericWrappers.takeSnap(GenericWrappers.java:626)
at utils.Reporter.reportStep(Reporter.java:19)
at wrappers.GenericWrappers.takeSnap(GenericWrappers.java:626)
at utils.Reporter.reportStep(Reporter.java:19)
at wrappers.GenericWrappers.takeSnap(GenericWrappers.java:626)
at utils.Reporter.reportStep(Reporter.java:19)
at wrappers.GenericWrappers.takeSnap(GenericWrappers.java:626)
at utils.Reporter.reportStep(Reporter.java:19)
at wrappers.GenericWrappers.takeSnap(GenericWrappers.java:626)
at utils.Reporter.reportStep(Reporter.java:19)
at wrappers.GenericWrappers.takeSnap(GenericWrappers.java:626)
at utils.Reporter.reportStep(Reporter.java:19)
at wrappers.GenericWrappers.takeSnap(GenericWrappers.java:626)
at utils.Reporter.reportStep(Reporter.java:19)
at wrappers.GenericWrappers.takeSnap(GenericWrappers.java:626)
at utils.Reporter.reportStep(Reporter.java:19)
at wrappers.GenericWrappers.takeSnap(GenericWrappers.java:626)
at utils.Reporter.reportStep(Reporter.java:19)
at wrappers.GenericWrappers.takeSnap(GenericWrappers.java:626)
at utils.Reporter.reportStep(Reporter.java:19)
at wrappers.GenericWrappers.takeSnap(GenericWrappers.java:626)
at utils.Reporter.reportStep(Reporter.java:19)
at wrappers.GenericWrappers.takeSnap(GenericWrappers.java:626)
at utils.Reporter.reportStep(Reporter.java:19)
at wrappers.GenericWrappers.takeSnap(GenericWrappers.java:626)
at utils.Reporter.reportStep(Reporter.java:19)
at wrappers.GenericWrappers.takeSnap(GenericWrappers.java:626)
at utils.Reporter.reportStep(Reporter.java:19)
at wrappers.GenericWrappers.takeSnap(GenericWrappers.java:626)
at utils.Reporter.reportStep(Reporter.java:19)
at wrappers.GenericWrappers.takeSnap(GenericWrappers.java:626)
at utils.Reporter.reportStep(Reporter.java:19)
at wrappers.GenericWrappers.takeSnap(GenericWrappers.java:626)
at utils.Reporter.reportStep(Reporter.java:19)
at wrappers.GenericWrappers.takeSnap(GenericWrappers.java:626)
at utils.Reporter.reportStep(Reporter.java:19)
at wrappers.GenericWrappers.takeSnap(GenericWrappers.java:626)
at utils.Reporter.reportStep(Reporter.java:19)
at wrappers.GenericWrappers.takeSnap(GenericWrappers.java:626)
at utils.Reporter.reportStep(Reporter.java:19)
at wrappers.GenericWrappers.takeSnap(GenericWrappers.java:626)
at utils.Reporter.reportStep(Reporter.java:19)
at wrappers.GenericWrappers.takeSnap(GenericWrappers.java:626)
at utils.Reporter.reportStep(Reporter.java:19)
at wrappers.GenericWrappers.takeSnap(GenericWrappers.java:626)
at utils.Reporter.reportStep(Reporter.java:19)
at wrappers.GenericWrappers.takeSnap(GenericWrappers.java:626)
at utils.Reporter.reportStep(Reporter.java:19)
at wrappers.GenericWrappers.takeSnap(GenericWrappers.java:626)
at utils.Reporter.reportStep(Reporter.java:19)
at wrappers.GenericWrappers.takeSnap(GenericWrappers.java:626)
at utils.Reporter.reportStep(Reporter.java:19)
at wrappers.GenericWrappers.takeSnap(GenericWrappers.java:626)
at utils.Reporter.reportStep(Reporter.java:19)
at wrappers.GenericWrappers.takeSnap(GenericWrappers.java:626)
at utils.Reporter.reportStep(Reporter.java:19)
at wrappers.GenericWrappers.takeSnap(GenericWrappers.java:626)
at utils.Reporter.reportStep(Reporter.java:19)
at wrappers.GenericWrappers.takeSnap(GenericWrappers.java:626)
at utils.Reporter.reportStep(Reporter.java:19)
at wrappers.GenericWrappers.takeSnap(GenericWrappers.java:626)
at utils.Reporter.reportStep(Reporter.java:19)
at wrappers.GenericWrappers.takeSnap(GenericWrappers.java:626)
at utils.Reporter.reportStep(Reporter.java:19)
at wrappers.GenericWrappers.takeSnap(GenericWrappers.java:626)
at utils.Reporter.reportStep(Reporter.java:19)
at wrappers.GenericWrappers.takeSnap(GenericWrappers.java:626)
at utils.Reporter.reportStep(Reporter.java:19)
at wrappers.GenericWrappers.takeSnap(GenericWrappers.java:626)
at utils.Reporter.reportStep(Reporter.java:19)
at wrappers.GenericWrappers.takeSnap(GenericWrappers.java:626)
at utils.Reporter.reportStep(Reporter.java:19)
at wrappers.GenericWrappers.takeSnap(GenericWrappers.java:626)
at utils.Reporter.reportStep(Reporter.java:19)
at wrappers.GenericWrappers.takeSnap(GenericWrappers.java:626)
at utils.Reporter.reportStep(Reporter.java:19)
at wrappers.GenericWrappers.takeSnap(GenericWrappers.java:626)
at utils.Reporter.reportStep(Reporter.java:19)
at wrappers.GenericWrappers.takeSnap(GenericWrappers.java:626)
at utils.Reporter.reportStep(Reporter.java:19)
at wrappers.GenericWrappers.takeSnap(GenericWrappers.java:626)
at utils.Reporter.reportStep(Reporter.java:19)
at wrappers.GenericWrappers.takeSnap(GenericWrappers.java:626)
at utils.Reporter.reportStep(Reporter.java:19)
at wrappers.GenericWrappers.takeSnap(GenericWrappers.java:626)
at utils.Reporter.reportStep(Reporter.java:19)
at wrappers.GenericWrappers.takeSnap(GenericWrappers.java:626)
at utils.Reporter.reportStep(Reporter.java:19)
at wrappers.GenericWrappers.takeSnap(GenericWrappers.java:626)
at utils.Reporter.reportStep(Reporter.java:19)
at wrappers.GenericWrappers.takeSnap(GenericWrappers.java:626)
at utils.Reporter.reportStep(Reporter.java:19)
at wrappers.GenericWrappers.takeSnap(GenericWrappers.java:626)
at utils.Reporter.reportStep(Reporter.java:19)
at wrappers.GenericWrappers.takeSnap(GenericWrappers.java:626)
at utils.Reporter.reportStep(Reporter.java:19)
at wrappers.GenericWrappers.takeSnap(GenericWrappers.java:626)
at utils.Reporter.reportStep(Reporter.java:19)
at wrappers.GenericWrappers.takeSnap(GenericWrappers.java:626)
at utils.Reporter.reportStep(Reporter.java:19)
at wrappers.GenericWrappers.takeSnap(GenericWrappers.java:626)
at utils.Reporter.reportStep(Reporter.java:19)
at wrappers.GenericWrappers.takeSnap(GenericWrappers.java:626)
at utils.Reporter.reportStep(Reporter.java:19)
at wrappers.GenericWrappers.takeSnap(GenericWrappers.java:626)
at utils.Reporter.reportStep(Reporter.java:19)
at wrappers.GenericWrappers.takeSnap(GenericWrappers.java:626)
at utils.Reporter.reportStep(Reporter.java:19)
at wrappers.GenericWrappers.takeSnap(GenericWrappers.java:626)
at utils.Reporter.reportStep(Reporter.java:19)
at wrappers.GenericWrappers.takeSnap(GenericWrappers.java:626)
at utils.Reporter.reportStep(Reporter.java:19)
at wrappers.GenericWrappers.takeSnap(GenericWrappers.java:626)
at utils.Reporter.reportStep(Reporter.java:19)
at wrappers.GenericWrappers.takeSnap(GenericWrappers.java:626)
at utils.Reporter.reportStep(Reporter.java:19)
at wrappers.GenericWrappers.takeSnap(GenericWrappers.java:626)
at utils.Reporter.reportStep(Reporter.java:19)
at wrappers.GenericWrappers.takeSnap(GenericWrappers.java:626)
at utils.Reporter.reportStep(Reporter.java:19)
at wrappers.GenericWrappers.takeSnap(GenericWrappers.java:626)
at utils.Reporter.reportStep(Reporter.java:19)
at wrappers.GenericWrappers.takeSnap(GenericWrappers.java:626)
at utils.Reporter.reportStep(Reporter.java:19)
at wrappers.GenericWrappers.takeSnap(GenericWrappers.java:626)
at utils.Reporter.reportStep(Reporter.java:19)
at wrappers.GenericWrappers.takeSnap(GenericWrappers.java:626)
at utils.Reporter.reportStep(Reporter.java:19)
at wrappers.GenericWrappers.takeSnap(GenericWrappers.java:626)
at utils.Reporter.reportStep(Reporter.java:19)
at wrappers.GenericWrappers.takeSnap(GenericWrappers.java:626)
at utils.Reporter.reportStep(Reporter.java:19)
at wrappers.GenericWrappers.takeSnap(GenericWrappers.java:626)
at utils.Reporter.reportStep(Reporter.java:19)
at wrappers.GenericWrappers.takeSnap(GenericWrappers.java:626)
at utils.Reporter.reportStep(Reporter.java:19)
at wrappers.GenericWrappers.takeSnap(GenericWrappers.java:626)
at utils.Reporter.reportStep(Reporter.java:19)
at wrappers.GenericWrappers.takeSnap(GenericWrappers.java:626)
at utils.Reporter.reportStep(Reporter.java:19)
at wrappers.GenericWrappers.takeSnap(GenericWrappers.java:626)
at utils.Reporter.reportStep(Reporter.java:19)
at wrappers.GenericWrappers.takeSnap(GenericWrappers.java:626)
at utils.Reporter.reportStep(Reporter.java:19)
at wrappers.GenericWrappers.takeSnap(GenericWrappers.java:626)
at utils.Reporter.reportStep(Reporter.java:19)
at wrappers.GenericWrappers.takeSnap(GenericWrappers.java:626)
at utils.Reporter.reportStep(Reporter.java:19)
at wrappers.GenericWrappers.takeSnap(GenericWrappers.java:626)
at utils.Reporter.reportStep(Reporter.java:19)
at wrappers.GenericWrappers.takeSnap(GenericWrappers.java:626)
at utils.Reporter.reportStep(Reporter.java:19)
at wrappers.GenericWrappers.takeSnap(GenericWrappers.java:626)
at utils.Reporter.reportStep(Reporter.java:19)
at wrappers.GenericWrappers.takeSnap(GenericWrappers.java:626)
at utils.Reporter.reportStep(Reporter.java:19)
at wrappers.GenericWrappers.takeSnap(GenericWrappers.java:626)
at utils.Reporter.reportStep(Reporter.java:19)
at wrappers.GenericWrappers.takeSnap(GenericWrappers.java:626)
at utils.Reporter.reportStep(Reporter.java:19)
at wrappers.GenericWrappers.takeSnap(GenericWrappers.java:626)
at utils.Reporter.reportStep(Reporter.java:19)
at wrappers.GenericWrappers.takeSnap(GenericWrappers.java:626)
at utils.Reporter.reportStep(Reporter.java:19)
at wrappers.GenericWrappers.takeSnap(GenericWrappers.java:626)
at utils.Reporter.reportStep(Reporter.java:19)
at wrappers.GenericWrappers.takeSnap(GenericWrappers.java:626)
at utils.Reporter.reportStep(Reporter.java:19)
at wrappers.GenericWrappers.takeSnap(GenericWrappers.java:626)
at utils.Reporter.reportStep(Reporter.java:19)
at wrappers.GenericWrappers.takeSnap(GenericWrappers.java:626)
at utils.Reporter.reportStep(Reporter.java:19)
at wrappers.GenericWrappers.takeSnap(GenericWrappers.java:626)
at utils.Reporter.reportStep(Reporter.java:19)
at wrappers.GenericWrappers.takeSnap(GenericWrappers.java:626)
at utils.Reporter.reportStep(Reporter.java:19)
at wrappers.GenericWrappers.takeSnap(GenericWrappers.java:626)
at utils.Reporter.reportStep(Reporter.java:19)
at wrappers.GenericWrappers.takeSnap(GenericWrappers.java:626)
at utils.Reporter.reportStep(Reporter.java:19)
at wrappers.GenericWrappers.takeSnap(GenericWrappers.java:626)
at utils.Reporter.reportStep(Reporter.java:19)
at wrappers.GenericWrappers.takeSnap(GenericWrappers.java:626)
at utils.Reporter.reportStep(Reporter.java:19)
at wrappers.GenericWrappers.takeSnap(GenericWrappers.java:626)
at utils.Reporter.reportStep(Reporter.java:19)
at wrappers.GenericWrappers.takeSnap(GenericWrappers.java:626)
at utils.Reporter.reportStep(Reporter.java:19)
at wrappers.GenericWrappers.takeSnap(GenericWrappers.java:626)
at utils.Reporter.reportStep(Reporter.java:19)
at wrappers.GenericWrappers.takeSnap(GenericWrappers.java:626)
at utils.Reporter.reportStep(Reporter.java:19)
at wrappers.GenericWrappers.takeSnap(GenericWrappers.java:626)
at utils.Reporter.reportStep(Reporter.java:19)
at wrappers.GenericWrappers.takeSnap(GenericWrappers.java:626)
at utils.Reporter.reportStep(Reporter.java:19)
at wrappers.GenericWrappers.takeSnap(GenericWrappers.java:626)
at utils.Reporter.reportStep(Reporter.java:19)
at wrappers.GenericWrappers.takeSnap(GenericWrappers.java:626)
at utils.Reporter.reportStep(Reporter.java:19)
at wrappers.GenericWrappers.takeSnap(GenericWrappers.java:626)
at utils.Reporter.reportStep(Reporter.java:19)
at wrappers.GenericWrappers.takeSnap(GenericWrappers.java:626)
at utils.Reporter.reportStep(Reporter.java:19)
at wrappers.GenericWrappers.takeSnap(GenericWrappers.java:626)
at utils.Reporter.reportStep(Reporter.java:19)
at wrappers.GenericWrappers.takeSnap(GenericWrappers.java:626)
at utils.Reporter.reportStep(Reporter.java:19)
at wrappers.GenericWrappers.takeSnap(GenericWrappers.java:626)
at utils.Reporter.reportStep(Reporter.java:19)
at wrappers.GenericWrappers.takeSnap(GenericWrappers.java:626)
at utils.Reporter.reportStep(Reporter.java:19)
at wrappers.GenericWrappers.takeSnap(GenericWrappers.java:626)
at utils.Reporter.reportStep(Reporter.java:19)
at wrappers.GenericWrappers.takeSnap(GenericWrappers.java:626)
at utils.Reporter.reportStep(Reporter.java:19)
at wrappers.GenericWrappers.takeSnap(GenericWrappers.java:626)
at utils.Reporter.reportStep(Reporter.java:19)
at wrappers.GenericWrappers.takeSnap(GenericWrappers.java:626)
at utils.Reporter.reportStep(Reporter.java:19)
at wrappers.GenericWrappers.takeSnap(GenericWrappers.java:626)
at utils.Reporter.reportStep(Reporter.java:19)
at wrappers.GenericWrappers.takeSnap(GenericWrappers.java:626)
at utils.Reporter.reportStep(Reporter.java:19)
at wrappers.GenericWrappers.takeSnap(GenericWrappers.java:626)
at utils.Reporter.reportStep(Reporter.java:19)
at wrappers.GenericWrappers.takeSnap(GenericWrappers.java:626)
at utils.Reporter.reportStep(Reporter.java:19)
at wrappers.GenericWrappers.takeSnap(GenericWrappers.java:626)
at utils.Reporter.reportStep(Reporter.java:19)
at wrappers.GenericWrappers.takeSnap(GenericWrappers.java:626)
at utils.Reporter.reportStep(Reporter.java:19)
at wrappers.GenericWrappers.takeSnap(GenericWrappers.java:626)
at utils.Reporter.reportStep(Reporter.java:19)
at wrappers.GenericWrappers.takeSnap(GenericWrappers.java:626)
at utils.Reporter.reportStep(Reporter.java:19)
at wrappers.GenericWrappers.takeSnap(GenericWrappers.java:626)
at utils.Reporter.reportStep(Reporter.java:19)
at wrappers.GenericWrappers.takeSnap(GenericWrappers.java:626)
at utils.Reporter.reportStep(Reporter.java:19)
at wrappers.GenericWrappers.takeSnap(GenericWrappers.java:626)
at utils.Reporter.reportStep(Reporter.java:19)
at wrappers.GenericWrappers.takeSnap(GenericWrappers.java:626)
at utils.Reporter.reportStep(Reporter.java:19)
at wrappers.GenericWrappers.takeSnap(GenericWrappers.java:626)
at utils.Reporter.reportStep(Reporter.java:19)
at wrappers.GenericWrappers.takeSnap(GenericWrappers.java:626)
at utils.Reporter.reportStep(Reporter.java:19)
at wrappers.GenericWrappers.takeSnap(GenericWrappers.java:626)
at utils.Reporter.reportStep(Reporter.java:19)
at wrappers.GenericWrappers.takeSnap(GenericWrappers.java:626)
at utils.Reporter.reportStep(Reporter.java:19)
at wrappers.GenericWrappers.takeSnap(GenericWrappers.java:626)
at utils.Reporter.reportStep(Reporter.java:19)
at wrappers.GenericWrappers.takeSnap(GenericWrappers.java:626)
at utils.Reporter.reportStep(Reporter.java:19)
at wrappers.GenericWrappers.takeSnap(GenericWrappers.java:626)
at utils.Reporter.reportStep(Reporter.java:19)
at wrappers.GenericWrappers.takeSnap(GenericWrappers.java:626)
at utils.Reporter.reportStep(Reporter.java:19)
at wrappers.GenericWrappers.takeSnap(GenericWrappers.java:626)
at utils.Reporter.reportStep(Reporter.java:19)
at wrappers.GenericWrappers.takeSnap(GenericWrappers.java:626)
at utils.Reporter.reportStep(Reporter.java:19)
at wrappers.GenericWrappers.takeSnap(GenericWrappers.java:626)
at utils.Reporter.reportStep(Reporter.java:19)
at wrappers.GenericWrappers.takeSnap(GenericWrappers.java:626)
at utils.Reporter.reportStep(Reporter.java:19)
at wrappers.GenericWrappers.takeSnap(GenericWrappers.java:626)
at utils.Reporter.reportStep(Reporter.java:19)
at wrappers.GenericWrappers.takeSnap(GenericWrappers.java:626)
at utils.Reporter.reportStep(Reporter.java:19)
at wrappers.GenericWrappers.takeSnap(GenericWrappers.java:626)
at utils.Reporter.reportStep(Reporter.java:19)
at wrappers.GenericWrappers.takeSnap(GenericWrappers.java:626)
at utils.Reporter.reportStep(Reporter.java:19)
at wrappers.GenericWrappers.takeSnap(GenericWrappers.java:626)
at utils.Reporter.reportStep(Reporter.java:19)
at wrappers.GenericWrappers.takeSnap(GenericWrappers.java:626)
at utils.Reporter.reportStep(Reporter.java:19)
at wrappers.GenericWrappers.takeSnap(GenericWrappers.java:626)
at utils.Reporter.reportStep(Reporter.java:19)
at wrappers.GenericWrappers.takeSnap(GenericWrappers.java:626)
at utils.Reporter.reportStep(Reporter.java:19)
at wrappers.GenericWrappers.takeSnap(GenericWrappers.java:626)
at utils.Reporter.reportStep(Reporter.java:19)
at wrappers.GenericWrappers.takeSnap(GenericWrappers.java:626)
at utils.Reporter.reportStep(Reporter.java:19)
at wrappers.GenericWrappers.takeSnap(GenericWrappers.java:626)
at utils.Reporter.reportStep(Reporter.java:19)
at wrappers.GenericWrappers.takeSnap(GenericWrappers.java:626)
at utils.Reporter.reportStep(Reporter.java:19)
at wrappers.GenericWrappers.takeSnap(GenericWrappers.java:626)
at utils.Reporter.reportStep(Reporter.java:19)
at wrappers.GenericWrappers.takeSnap(GenericWrappers.java:626)
at utils.Reporter.reportStep(Reporter.java:19)
at wrappers.GenericWrappers.takeSnap(GenericWrappers.java:626)
at utils.Reporter.reportStep(Reporter.java:19)
at wrappers.GenericWrappers.takeSnap(GenericWrappers.java:626)
at utils.Reporter.reportStep(Reporter.java:19)
at wrappers.GenericWrappers.takeSnap(GenericWrappers.java:626)
at utils.Reporter.reportStep(Reporter.java:19)
at wrappers.GenericWrappers.takeSnap(GenericWrappers.java:626)
at utils.Reporter.reportStep(Reporter.java:19)
at wrappers.GenericWrappers.takeSnap(GenericWrappers.java:626)
at utils.Reporter.reportStep(Reporter.java:19)
at wrappers.GenericWrappers.takeSnap(GenericWrappers.java:626)
at utils.Reporter.reportStep(Reporter.java:19)
at wrappers.GenericWrappers.takeSnap(GenericWrappers.java:626)
at utils.Reporter.reportStep(Reporter.java:19)
at wrappers.GenericWrappers.takeSnap(GenericWrappers.java:626)
at utils.Reporter.reportStep(Reporter.java:19)
at wrappers.GenericWrappers.takeSnap(GenericWrappers.java:626)
at utils.Reporter.reportStep(Reporter.java:19)
at wrappers.GenericWrappers.takeSnap(GenericWrappers.java:626)
at utils.Reporter.reportStep(Reporter.java:19)
at wrappers.GenericWrappers.takeSnap(GenericWrappers.java:626)
at utils.Reporter.reportStep(Reporter.java:19)
at wrappers.GenericWrappers.takeSnap(GenericWrappers.java:626)
at utils.Reporter.reportStep(Reporter.java:19)
at wrappers.GenericWrappers.takeSnap(GenericWrappers.java:626)
at utils.Reporter.reportStep(Reporter.java:19)
at wrappers.GenericWrappers.takeSnap(GenericWrappers.java:626)
at utils.Reporter.reportStep(Reporter.java:19)
at wrappers.GenericWrappers.takeSnap(GenericWrappers.java:626)
at utils.Reporter.reportStep(Reporter.java:19)
at wrappers.GenericWrappers.takeSnap(GenericWrappers.java:626)
at utils.Reporter.reportStep(Reporter.java:19)
at wrappers.GenericWrappers.takeSnap(GenericWrappers.java:626)
at utils.Reporter.reportStep(Reporter.java:19)
at wrappers.GenericWrappers.takeSnap(GenericWrappers.java:626)
at utils.Reporter.reportStep(Reporter.java:19)
at wrappers.GenericWrappers.takeSnap(GenericWrappers.java:626)
at utils.Reporter.reportStep(Reporter.java:19)
at wrappers.GenericWrappers.takeSnap(GenericWrappers.java:626)
at utils.Reporter.reportStep(Reporter.java:19)
at wrappers.GenericWrappers.takeSnap(GenericWrappers.java:626)
at utils.Reporter.reportStep(Reporter.java:19)
at wrappers.GenericWrappers.takeSnap(GenericWrappers.java:626)
at utils.Reporter.reportStep(Reporter.java:19)
at wrappers.GenericWrappers.takeSnap(GenericWrappers.java:626)
at utils.Reporter.reportStep(Reporter.java:19)
at wrappers.GenericWrappers.takeSnap(GenericWrappers.java:626)
at utils.Reporter.reportStep(Reporter.java:19)
at wrappers.GenericWrappers.takeSnap(GenericWrappers.java:626)
at utils.Reporter.reportStep(Reporter.java:19)
at wrappers.GenericWrappers.takeSnap(GenericWrappers.java:626)
at utils.Reporter.reportStep(Reporter.java:19)
at wrappers.GenericWrappers.takeSnap(GenericWrappers.java:626)
at utils.Reporter.reportStep(Reporter.java:19)
at wrappers.GenericWrappers.takeSnap(GenericWrappers.java:626)
at utils.Reporter.reportStep(Reporter.java:19)
at wrappers.GenericWrappers.takeSnap(GenericWrappers.java:626)
at utils.Reporter.reportStep(Reporter.java:19)
at wrappers.GenericWrappers.takeSnap(GenericWrappers.java:626)
at utils.Reporter.reportStep(Reporter.java:19)
at wrappers.GenericWrappers.takeSnap(GenericWrappers.java:626)
at utils.Reporter.reportStep(Reporter.java:19)
at wrappers.GenericWrappers.takeSnap(GenericWrappers.java:626)
at utils.Reporter.reportStep(Reporter.java:19)
at wrappers.GenericWrappers.takeSnap(GenericWrappers.java:626)
at utils.Reporter.reportStep(Reporter.java:19)
at wrappers.GenericWrappers.takeSnap(GenericWrappers.java:626)
at utils.Reporter.reportStep(Reporter.java:19)
at wrappers.GenericWrappers.takeSnap(GenericWrappers.java:626)
at utils.Reporter.reportStep(Reporter.java:19)
at wrappers.GenericWrappers.takeSnap(GenericWrappers.java:626)
at utils.Reporter.reportStep(Reporter.java:19)
at wrappers.GenericWrappers.takeSnap(GenericWrappers.java:626)
at utils.Reporter.reportStep(Reporter.java:19)
at wrappers.GenericWrappers.takeSnap(GenericWrappers.java:626)
at utils.Reporter.reportStep(Reporter.java:19)
at wrappers.GenericWrappers.takeSnap(GenericWrappers.java:626)
at utils.Reporter.reportStep(Reporter.java:19)
at wrappers.GenericWrappers.takeSnap(GenericWrappers.java:626)
at utils.Reporter.reportStep(Reporter.java:19)
at wrappers.GenericWrappers.takeSnap(GenericWrappers.java:626)
at utils.Reporter.reportStep(Reporter.java:19)
at wrappers.GenericWrappers.takeSnap(GenericWrappers.java:626)
at utils.Reporter.reportStep(Reporter.java:19)
at wrappers.GenericWrappers.takeSnap(GenericWrappers.java:626)
at utils.Reporter.reportStep(Reporter.java:19)
at wrappers.GenericWrappers.takeSnap(GenericWrappers.java:626)
at utils.Reporter.reportStep(Reporter.java:19)
at wrappers.GenericWrappers.takeSnap(GenericWrappers.java:626)
at utils.Reporter.reportStep(Reporter.java:19)
at wrappers.GenericWrappers.takeSnap(GenericWrappers.java:626)
at utils.Reporter.reportStep(Reporter.java:19)
at wrappers.GenericWrappers.takeSnap(GenericWrappers.java:626)
at utils.Reporter.reportStep(Reporter.java:19)
at wrappers.GenericWrappers.takeSnap(GenericWrappers.java:626)
at utils.Reporter.reportStep(Reporter.java:19)
at wrappers.GenericWrappers.takeSnap(GenericWrappers.java:626)
at utils.Reporter.reportStep(Reporter.java:19)
at wrappers.GenericWrappers.takeSnap(GenericWrappers.java:626)
at utils.Reporter.reportStep(Reporter.java:19)
at wrappers.GenericWrappers.takeSnap(GenericWrappers.java:626)
at utils.Reporter.reportStep(Reporter.java:19)
at wrappers.GenericWrappers.takeSnap(GenericWrappers.java:626)
at utils.Reporter.reportStep(Reporter.java:19)
at wrappers.GenericWrappers.takeSnap(GenericWrappers.java:626)
at utils.Reporter.reportStep(Reporter.java:19)
at wrappers.GenericWrappers.takeSnap(GenericWrappers.java:626)
at utils.Reporter.reportStep(Reporter.java:19)
at wrappers.GenericWrappers.takeSnap(GenericWrappers.java:626)
at utils.Reporter.reportStep(Reporter.java:19)
at wrappers.GenericWrappers.takeSnap(GenericWrappers.java:626)
at utils.Reporter.reportStep(Reporter.java:19)
at wrappers.GenericWrappers.takeSnap(GenericWrappers.java:626)
at utils.Reporter.reportStep(Reporter.java:19)
at wrappers.GenericWrappers.takeSnap(GenericWrappers.java:626)
at utils.Reporter.reportStep(Reporter.java:19)
at wrappers.GenericWrappers.takeSnap(GenericWrappers.java:626)
at utils.Reporter.reportStep(Reporter.java:19)
at wrappers.GenericWrappers.takeSnap(GenericWrappers.java:626)
at utils.Reporter.reportStep(Reporter.java:19)
at wrappers.GenericWrappers.takeSnap(GenericWrappers.java:626)
at utils.Reporter.reportStep(Reporter.java:19)
at wrappers.GenericWrappers.takeSnap(GenericWrappers.java:626)
at utils.Reporter.reportStep(Reporter.java:19)
at wrappers.GenericWrappers.takeSnap(GenericWrappers.java:626)
at utils.Reporter.reportStep(Reporter.java:19)
at wrappers.GenericWrappers.takeSnap(GenericWrappers.java:626)
at utils.Reporter.reportStep(Reporter.java:19)
at wrappers.GenericWrappers.takeSnap(GenericWrappers.java:626)
at utils.Reporter.reportStep(Reporter.java:19)
at wrappers.GenericWrappers.takeSnap(GenericWrappers.java:626)
at utils.Reporter.reportStep(Reporter.java:19)
at wrappers.GenericWrappers.takeSnap(GenericWrappers.java:626)
at utils.Reporter.reportStep(Reporter.java:19)
at wrappers.GenericWrappers.takeSnap(GenericWrappers.java:626)
at utils.Reporter.reportStep(Reporter.java:19)
at wrappers.GenericWrappers.takeSnap(GenericWrappers.java:626)
at utils.Reporter.reportStep(Reporter.java:19)
at wrappers.GenericWrappers.takeSnap(GenericWrappers.java:626)
at utils.Reporter.reportStep(Reporter.java:19)
at wrappers.GenericWrappers.takeSnap(GenericWrappers.java:626)
at utils.Reporter.reportStep(Reporter.java:19)
at wrappers.GenericWrappers.takeSnap(GenericWrappers.java:626)
at utils.Reporter.reportStep(Reporter.java:19)
at wrappers.GenericWrappers.takeSnap(GenericWrappers.java:626)
at utils.Reporter.reportStep(Reporter.java:19)
at wrappers.GenericWrappers.takeSnap(GenericWrappers.java:626)
at utils.Reporter.reportStep(Reporter.java:19)
at wrappers.GenericWrappers.takeSnap(GenericWrappers.java:626)
at utils.Reporter.reportStep(Reporter.java:19)
at wrappers.GenericWrappers.takeSnap(GenericWrappers.java:626)
at utils.Reporter.reportStep(Reporter.java:19)
at wrappers.GenericWrappers.takeSnap(GenericWrappers.java:626)
at utils.Reporter.reportStep(Reporter.java:19)
at wrappers.GenericWrappers.takeSnap(GenericWrappers.java:626)
at utils.Reporter.reportStep(Reporter.java:19)
at wrappers.GenericWrappers.takeSnap(GenericWrappers.java:626)
at utils.Reporter.reportStep(Reporter.java:19)
at wrappers.GenericWrappers.takeSnap(GenericWrappers.java:626)
at utils.Reporter.reportStep(Reporter.java:19)
at wrappers.GenericWrappers.takeSnap(GenericWrappers.java:626)
at utils.Reporter.reportStep(Reporter.java:19)
at wrappers.GenericWrappers.takeSnap(GenericWrappers.java:626)
at utils.Reporter.reportStep(Reporter.java:19)
at wrappers.GenericWrappers.takeSnap(GenericWrappers.java:626)
at utils.Reporter.reportStep(Reporter.java:19)
at wrappers.GenericWrappers.takeSnap(GenericWrappers.java:626)
at utils.Reporter.reportStep(Reporter.java:19)
at wrappers.GenericWrappers.takeSnap(GenericWrappers.java:626)
at utils.Reporter.reportStep(Reporter.java:19)
at wrappers.GenericWrappers.takeSnap(GenericWrappers.java:626)
at utils.Reporter.reportStep(Reporter.java:19)
at wrappers.GenericWrappers.takeSnap(GenericWrappers.java:626)
at utils.Reporter.reportStep(Reporter.java:19)
at wrappers.GenericWrappers.takeSnap(GenericWrappers.java:626)
at utils.Reporter.reportStep(Reporter.java:19)
at wrappers.GenericWrappers.takeSnap(GenericWrappers.java:626)
at utils.Reporter.reportStep(Reporter.java:19)
at wrappers.GenericWrappers.takeSnap(GenericWrappers.java:626)
at utils.Reporter.reportStep(Reporter.java:19)
at wrappers.GenericWrappers.takeSnap(GenericWrappers.java:626)
at utils.Reporter.reportStep(Reporter.java:19)
at wrappers.GenericWrappers.takeSnap(GenericWrappers.java:626)
at utils.Reporter.reportStep(Reporter.java:19)
at wrappers.GenericWrappers.takeSnap(GenericWrappers.java:626)
at utils.Reporter.reportStep(Reporter.java:19)
at wrappers.GenericWrappers.takeSnap(GenericWrappers.java:626)
at utils.Reporter.reportStep(Reporter.java:19)
at wrappers.GenericWrappers.takeSnap(GenericWrappers.java:626)
at utils.Reporter.reportStep(Reporter.java:19)
at wrappers.GenericWrappers.takeSnap(GenericWrappers.java:626)
at utils.Reporter.reportStep(Reporter.java:19)
at wrappers.GenericWrappers.takeSnap(GenericWrappers.java:626)
at utils.Reporter.reportStep(Reporter.java:19)
at wrappers.GenericWrappers.takeSnap(GenericWrappers.java:626)
at utils.Reporter.reportStep(Reporter.java:19)
at wrappers.GenericWrappers.takeSnap(GenericWrappers.java:626)
at utils.Reporter.reportStep(Reporter.java:19)
at wrappers.GenericWrappers.takeSnap(GenericWrappers.java:626)
at utils.Reporter.reportStep(Reporter.java:19)
at wrappers.GenericWrappers.takeSnap(GenericWrappers.java:626)
at utils.Reporter.reportStep(Reporter.java:19)
at wrappers.GenericWrappers.takeSnap(GenericWrappers.java:626)
at utils.Reporter.reportStep(Reporter.java:19)
at wrappers.GenericWrappers.takeSnap(GenericWrappers.java:626)
at utils.Reporter.reportStep(Reporter.java:19)
at wrappers.GenericWrappers.takeSnap(GenericWrappers.java:626)
at utils.Reporter.reportStep(Reporter.java:19)
at wrappers.GenericWrappers.takeSnap(GenericWrappers.java:626)
at utils.Reporter.reportStep(Reporter.java:19)
at wrappers.GenericWrappers.takeSnap(GenericWrappers.java:626)
at utils.Reporter.reportStep(Reporter.java:19)
at wrappers.GenericWrappers.takeSnap(GenericWrappers.java:626)
at utils.Reporter.reportStep(Reporter.java:19)
at wrappers.GenericWrappers.takeSnap(GenericWrappers.java:626)
at utils.Reporter.reportStep(Reporter.java:19)
at wrappers.GenericWrappers.takeSnap(GenericWrappers.java:626)
at utils.Reporter.reportStep(Reporter.java:19)
at wrappers.GenericWrappers.takeSnap(GenericWrappers.java:626)
at utils.Reporter.reportStep(Reporter.java:19)
at wrappers.GenericWrappers.takeSnap(GenericWrappers.java:626)
at utils.Reporter.reportStep(Reporter.java:19)
at wrappers.GenericWrappers.takeSnap(GenericWrappers.java:626)
at utils.Reporter.reportStep(Reporter.java:19)
at wrappers.GenericWrappers.takeSnap(GenericWrappers.java:626)
at utils.Reporter.reportStep(Reporter.java:19)
at wrappers.GenericWrappers.takeSnap(GenericWrappers.java:626)
at utils.Reporter.reportStep(Reporter.java:19)
at wrappers.GenericWrappers.takeSnap(GenericWrappers.java:626)
at utils.Reporter.reportStep(Reporter.java:19)
at wrappers.GenericWrappers.takeSnap(GenericWrappers.java:626)
at utils.Reporter.reportStep(Reporter.java:19)
at wrappers.GenericWrappers.takeSnap(GenericWrappers.java:626)
at utils.Reporter.reportStep(Reporter.java:19)
at wrappers.GenericWrappers.takeSnap(GenericWrappers.java:626)
at utils.Reporter.reportStep(Reporter.java:19)
at wrappers.GenericWrappers.takeSnap(GenericWrappers.java:626)
at utils.Reporter.reportStep(Reporter.java:19)
at wrappers.GenericWrappers.takeSnap(GenericWrappers.java:626)
at utils.Reporter.reportStep(Reporter.java:19)
at wrappers.GenericWrappers.takeSnap(GenericWrappers.java:626)
at utils.Reporter.reportStep(Reporter.java:19)
at wrappers.GenericWrappers.takeSnap(GenericWrappers.java:626)
at utils.Reporter.reportStep(Reporter.java:19)
at wrappers.GenericWrappers.takeSnap(GenericWrappers.java:626)
at utils.Reporter.reportStep(Reporter.java:19)
at wrappers.GenericWrappers.takeSnap(GenericWrappers.java:626)
at utils.Reporter.reportStep(Reporter.java:19)
at wrappers.GenericWrappers.takeSnap(GenericWrappers.java:626)
at utils.Reporter.reportStep(Reporter.java:19)
at wrappers.GenericWrappers.takeSnap(GenericWrappers.java:626)
at utils.Reporter.reportStep(Reporter.java:19)
at wrappers.GenericWrappers.takeSnap(GenericWrappers.java:626)
at utils.Reporter.reportStep(Reporter.java:19)
at wrappers.GenericWrappers.takeSnap(GenericWrappers.java:626)
at utils.Reporter.reportStep(Reporter.java:19)
at wrappers.GenericWrappers.takeSnap(GenericWrappers.java:626)
at utils.Reporter.reportStep(Reporter.java:19)
at wrappers.GenericWrappers.takeSnap(GenericWrappers.java:626)
at utils.Reporter.reportStep(Reporter.java:19)
at wrappers.GenericWrappers.takeSnap(GenericWrappers.java:626)
at utils.Reporter.reportStep(Reporter.java:19)
at wrappers.GenericWrappers.takeSnap(GenericWrappers.java:626)
at utils.Reporter.reportStep(Reporter.java:19)
at wrappers.GenericWrappers.takeSnap(GenericWrappers.java:626)
at utils.Reporter.reportStep(Reporter.java:19)
at wrappers.GenericWrappers.takeSnap(GenericWrappers.java:626)
at utils.Reporter.reportStep(Reporter.java:19)
at wrappers.GenericWrappers.takeSnap(GenericWrappers.java:626)
at utils.Reporter.reportStep(Reporter.java:19)
at wrappers.GenericWrappers.takeSnap(GenericWrappers.java:626)
at utils.Reporter.reportStep(Reporter.java:19)
at wrappers.GenericWrappers.takeSnap(GenericWrappers.java:626)
at utils.Reporter.reportStep(Reporter.java:19)
at wrappers.GenericWrappers.takeSnap(GenericWrappers.java:626)
at utils.Reporter.reportStep(Reporter.java:19)
at wrappers.GenericWrappers.takeSnap(GenericWrappers.java:626)
at utils.Reporter.reportStep(Reporter.java:19)
at wrappers.GenericWrappers.takeSnap(GenericWrappers.java:626)
at utils.Reporter.reportStep(Reporter.java:19)
at wrappers.GenericWrappers.takeSnap(GenericWrappers.java:626)
at utils.Reporter.reportStep(Reporter.java:19)
at wrappers.GenericWrappers.takeSnap(GenericWrappers.java:626)
at utils.Reporter.reportStep(Reporter.java:19)
at wrappers.GenericWrappers.takeSnap(GenericWrappers.java:626)
at utils.Reporter.reportStep(Reporter.java:19)
at wrappers.GenericWrappers.takeSnap(GenericWrappers.java:626)
at utils.Reporter.reportStep(Reporter.java:19)
at wrappers.GenericWrappers.takeSnap(GenericWrappers.java:626)
at utils.Reporter.reportStep(Reporter.java:19)
at wrappers.GenericWrappers.takeSnap(GenericWrappers.java:626)
at utils.Reporter.reportStep(Reporter.java:19)
at wrappers.GenericWrappers.takeSnap(GenericWrappers.java:626)
at utils.Reporter.reportStep(Reporter.java:19)
at wrappers.GenericWrappers.takeSnap(GenericWrappers.java:626)
at utils.Reporter.reportStep(Reporter.java:19)
at wrappers.GenericWrappers.takeSnap(GenericWrappers.java:626)
at utils.Reporter.reportStep(Reporter.java:19)
at wrappers.GenericWrappers.takeSnap(GenericWrappers.java:626)
at utils.Reporter.reportStep(Reporter.java:19)
at wrappers.GenericWrappers.takeSnap(GenericWrappers.java:626)
at utils.Reporter.reportStep(Reporter.java:19)
at wrappers.GenericWrappers.takeSnap(GenericWrappers.java:626)
at utils.Reporter.reportStep(Reporter.java:19)
at wrappers.GenericWrappers.takeSnap(GenericWrappers.java:626)
at utils.Reporter.reportStep(Reporter.java:19)
at wrappers.GenericWrappers.takeSnap(GenericWrappers.java:626)
at utils.Reporter.reportStep(Reporter.java:19)
at wrappers.GenericWrappers.takeSnap(GenericWrappers.java:626)
at utils.Reporter.reportStep(Reporter.java:19)
at wrappers.GenericWrappers.takeSnap(GenericWrappers.java:626)
at utils.Reporter.reportStep(Reporter.java:19)
at wrappers.GenericWrappers.takeSnap(GenericWrappers.java:626)
at utils.Reporter.reportStep(Reporter.java:19)
at wrappers.GenericWrappers.takeSnap(GenericWrappers.java:626)
at utils.Reporter.reportStep(Reporter.java:19)
at wrappers.GenericWrappers.takeSnap(GenericWrappers.java:626)
at utils.Reporter.reportStep(Reporter.java:19)
at wrappers.GenericWrappers.takeSnap(GenericWrappers.java:626)
at utils.Reporter.reportStep(Reporter.java:19)
at wrappers.GenericWrappers.takeSnap(GenericWrappers.java:626)
at utils.Reporter.reportStep(Reporter.java:19)
at wrappers.GenericWrappers.takeSnap(GenericWrappers.java:626)
at utils.Reporter.reportStep(Reporter.java:19)
at wrappers.GenericWrappers.takeSnap(GenericWrappers.java:626)
at utils.Reporter.reportStep(Reporter.java:19)
at wrappers.GenericWrappers.takeSnap(GenericWrappers.java:626)
at utils.Reporter.reportStep(Reporter.java:19)
at wrappers.GenericWrappers.takeSnap(GenericWrappers.java:626)
at utils.Reporter.reportStep(Reporter.java:19)
at wrappers.GenericWrappers.takeSnap(GenericWrappers.java:626)
at utils.Reporter.reportStep(Reporter.java:19)
at wrappers.GenericWrappers.takeSnap(GenericWrappers.java:626)
at utils.Reporter.reportStep(Reporter.java:19)
at wrappers.GenericWrappers.takeSnap(GenericWrappers.java:626)
at utils.Reporter.reportStep(Reporter.java:19)
at wrappers.GenericWrappers.takeSnap(GenericWrappers.java:626)
at utils.Reporter.reportStep(Reporter.java:19)
at wrappers.GenericWrappers.takeSnap(GenericWrappers.java:626)
at utils.Reporter.reportStep(Reporter.java:19)
at wrappers.GenericWrappers.takeSnap(GenericWrappers.java:626)
at utils.Reporter.reportStep(Reporter.java:19)
at wrappers.GenericWrappers.takeSnap(GenericWrappers.java:626)
at utils.Reporter.reportStep(Reporter.java:19)
at wrappers.GenericWrappers.takeSnap(GenericWrappers.java:626)
at utils.Reporter.reportStep(Reporter.java:19)
at wrappers.GenericWrappers.takeSnap(GenericWrappers.java:626)
at utils.Reporter.reportStep(Reporter.java:19)
at wrappers.GenericWrappers.takeSnap(GenericWrappers.java:626)
at utils.Reporter.reportStep(Reporter.java:19)
at wrappers.GenericWrappers.takeSnap(GenericWrappers.java:626)
at utils.Reporter.reportStep(Reporter.java:19)
at wrappers.GenericWrappers.takeSnap(GenericWrappers.java:626)
at utils.Reporter.reportStep(Reporter.java:19)
at wrappers.GenericWrappers.takeSnap(GenericWrappers.java:626)
at utils.Reporter.reportStep(Reporter.java:19)
at wrappers.GenericWrappers.takeSnap(GenericWrappers.java:626)
at utils.Reporter.reportStep(Reporter.java:19)
at wrappers.GenericWrappers.takeSnap(GenericWrappers.java:626)
at utils.Reporter.reportStep(Reporter.java:19)
at wrappers.GenericWrappers.takeSnap(GenericWrappers.java:626)
at utils.Reporter.reportStep(Reporter.java:19)
at wrappers.GenericWrappers.takeSnap(GenericWrappers.java:626)
at utils.Reporter.reportStep(Reporter.java:19)
at wrappers.GenericWrappers.takeSnap(GenericWrappers.java:626)
at utils.Reporter.reportStep(Reporter.java:19)
at wrappers.GenericWrappers.takeSnap(GenericWrappers.java:626)
at utils.Reporter.reportStep(Reporter.java:19)
at wrappers.GenericWrappers.takeSnap(GenericWrappers.java:626)
at utils.Reporter.reportStep(Reporter.java:19)
at wrappers.GenericWrappers.takeSnap(GenericWrappers.java:626)
at utils.Reporter.reportStep(Reporter.java:19)
at wrappers.GenericWrappers.takeSnap(GenericWrappers.java:626)
at utils.Reporter.reportStep(Reporter.java:19)
at wrappers.GenericWrappers.takeSnap(GenericWrappers.java:626)
at utils.Reporter.reportStep(Reporter.java:19)
at wrappers.GenericWrappers.takeSnap(GenericWrappers.java:626)
at utils.Reporter.reportStep(Reporter.java:19)
at wrappers.GenericWrappers.takeSnap(GenericWrappers.java:626)
at utils.Reporter.reportStep(Reporter.java:19)
at wrappers.GenericWrappers.takeSnap(GenericWrappers.java:626)
at utils.Reporter.reportStep(Reporter.java:19)
at wrappers.GenericWrappers.takeSnap(GenericWrappers.java:626)
at utils.Reporter.reportStep(Reporter.java:19)
at wrappers.GenericWrappers.takeSnap(GenericWrappers.java:626)
at utils.Reporter.reportStep(Reporter.java:19)
at wrappers.GenericWrappers.takeSnap(GenericWrappers.java:626)
at utils.Reporter.reportStep(Reporter.java:19)
at wrappers.GenericWrappers.takeSnap(GenericWrappers.java:626)
at utils.Reporter.reportStep(Reporter.java:19)
at wrappers.GenericWrappers.takeSnap(GenericWrappers.java:626)
at utils.Reporter.reportStep(Reporter.java:19)
at wrappers.GenericWrappers.takeSnap(GenericWrappers.java:626)
at utils.Reporter.reportStep(Reporter.java:19)
at wrappers.GenericWrappers.takeSnap(GenericWrappers.java:626)
at utils.Reporter.reportStep(Reporter.java:19)
at wrappers.GenericWrappers.takeSnap(GenericWrappers.java:626)
at utils.Reporter.reportStep(Reporter.java:19)
at wrappers.GenericWrappers.takeSnap(GenericWrappers.java:626)
at utils.Reporter.reportStep(Reporter.java:19)
at wrappers.GenericWrappers.takeSnap(GenericWrappers.java:626)
at utils.Reporter.reportStep(Reporter.java:19)
at wrappers.GenericWrappers.takeSnap(GenericWrappers.java:626)
at utils.Reporter.reportStep(Reporter.java:19)
at wrappers.GenericWrappers.takeSnap(GenericWrappers.java:626)
at utils.Reporter.reportStep(Reporter.java:19)
at wrappers.GenericWrappers.takeSnap(GenericWrappers.java:626)
at utils.Reporter.reportStep(Reporter.java:19)
at wrappers.GenericWrappers.takeSnap(GenericWrappers.java:626)
at utils.Reporter.reportStep(Reporter.java:19)
at wrappers.GenericWrappers.takeSnap(GenericWrappers.java:626)
at utils.Reporter.reportStep(Reporter.java:19)
at wrappers.GenericWrappers.takeSnap(GenericWrappers.java:626)
at utils.Reporter.reportStep(Reporter.java:19)
at wrappers.GenericWrappers.takeSnap(GenericWrappers.java:626)
at utils.Reporter.reportStep(Reporter.java:19)
at wrappers.GenericWrappers.takeSnap(GenericWrappers.java:626)
at utils.Reporter.reportStep(Reporter.java:19)
at wrappers.GenericWrappers.takeSnap(GenericWrappers.java:626)
at utils.Reporter.reportStep(Reporter.java:19)
at wrappers.GenericWrappers.takeSnap(GenericWrappers.java:626)
at utils.Reporter.reportStep(Reporter.java:19)
at wrappers.GenericWrappers.takeSnap(GenericWrappers.java:626)
at utils.Reporter.reportStep(Reporter.java:19)
at wrappers.GenericWrappers.takeSnap(GenericWrappers.java:626)
at utils.Reporter.reportStep(Reporter.java:19)
at wrappers.GenericWrappers.takeSnap(GenericWrappers.java:626)
at utils.Reporter.reportStep(Reporter.java:19)
at wrappers.GenericWrappers.takeSnap(GenericWrappers.java:626)
at utils.Reporter.reportStep(Reporter.java:19)
at wrappers.GenericWrappers.takeSnap(GenericWrappers.java:626)
at utils.Reporter.reportStep(Reporter.java:19)
at wrappers.GenericWrappers.takeSnap(GenericWrappers.java:626)
at utils.Reporter.reportStep(Reporter.java:19)
at wrappers.GenericWrappers.takeSnap(GenericWrappers.java:626)
at utils.Reporter.reportStep(Reporter.java:19)
at wrappers.GenericWrappers.takeSnap(GenericWrappers.java:626)
at utils.Reporter.reportStep(Reporter.java:19)
at wrappers.GenericWrappers.takeSnap(GenericWrappers.java:626)
at utils.Reporter.reportStep(Reporter.java:19)
at wrappers.GenericWrappers.takeSnap(GenericWrappers.java:626)
at utils.Reporter.reportStep(Reporter.java:19)
at wrappers.GenericWrappers.takeSnap(GenericWrappers.java:626)
at utils.Reporter.reportStep(Reporter.java:19)
at wrappers.GenericWrappers.takeSnap(GenericWrappers.java:626)
at utils.Reporter.reportStep(Reporter.java:19)
at wrappers.GenericWrappers.takeSnap(GenericWrappers.java:626)
at utils.Reporter.reportStep(Reporter.java:19)
at wrappers.GenericWrappers.takeSnap(GenericWrappers.java:626)
at utils.Reporter.reportStep(Reporter.java:19)
at wrappers.GenericWrappers.takeSnap(GenericWrappers.java:626)
at utils.Reporter.reportStep(Reporter.java:19)
at wrappers.GenericWrappers.takeSnap(GenericWrappers.java:626)
at utils.Reporter.reportStep(Reporter.java:19)
at wrappers.GenericWrappers.takeSnap(GenericWrappers.java:626)
at utils.Reporter.reportStep(Reporter.java:19)
at wrappers.GenericWrappers.takeSnap(GenericWrappers.java:626)
at utils.Reporter.reportStep(Reporter.java:19)
at wrappers.GenericWrappers.takeSnap(GenericWrappers.java:626)
at utils.Reporter.reportStep(Reporter.java:19)
at wrappers.GenericWrappers.takeSnap(GenericWrappers.java:626)
at utils.Reporter.reportStep(Reporter.java:19)
at wrappers.GenericWrappers.takeSnap(GenericWrappers.java:626)
at utils.Reporter.reportStep(Reporter.java:19)
at wrappers.GenericWrappers.takeSnap(GenericWrappers.java:626)
at utils.Reporter.reportStep(Reporter.java:19)
at wrappers.GenericWrappers.takeSnap(GenericWrappers.java:626)
at utils.Reporter.reportStep(Reporter.java:19)
at wrappers.GenericWrappers.takeSnap(GenericWrappers.java:626)
at utils.Reporter.reportStep(Reporter.java:19)
at wrappers.GenericWrappers.takeSnap(GenericWrappers.java:626)
at utils.Reporter.reportStep(Reporter.java:19)
at wrappers.GenericWrappers.takeSnap(GenericWrappers.java:626)
at utils.Reporter.reportStep(Reporter.java:19)
at wrappers.GenericWrappers.takeSnap(GenericWrappers.java:626)
at utils.Reporter.reportStep(Reporter.java:19)
at wrappers.GenericWrappers.takeSnap(GenericWrappers.java:626)
at utils.Reporter.reportStep(Reporter.java:19)
at wrappers.GenericWrappers.takeSnap(GenericWrappers.java:626)
at utils.Reporter.reportStep(Reporter.java:19)
at wrappers.GenericWrappers.takeSnap(GenericWrappers.java:626)
at utils.Reporter.reportStep(Reporter.java:19)
at wrappers.GenericWrappers.takeSnap(GenericWrappers.java:626)
at utils.Reporter.reportStep(Reporter.java:19)
at wrappers.GenericWrappers.takeSnap(GenericWrappers.java:626)
at utils.Reporter.reportStep(Reporter.java:19)
at wrappers.GenericWrappers.takeSnap(GenericWrappers.java:626)
at utils.Reporter.reportStep(Reporter.java:19)
at wrappers.GenericWrappers.takeSnap(GenericWrappers.java:626)
at utils.Reporter.reportStep(Reporter.java:19)
at wrappers.GenericWrappers.takeSnap(GenericWrappers.java:626)
at utils.Reporter.reportStep(Reporter.java:19)
at wrappers.GenericWrappers.takeSnap(GenericWrappers.java:626)
at utils.Reporter.reportStep(Reporter.java:19)
at wrappers.GenericWrappers.takeSnap(GenericWrappers.java:626)
at utils.Reporter.reportStep(Reporter.java:19)
at wrappers.GenericWrappers.takeSnap(GenericWrappers.java:626)
at utils.Reporter.reportStep(Reporter.java:19)
at wrappers.GenericWrappers.takeSnap(GenericWrappers.java:626)
at utils.Reporter.reportStep(Reporter.java:19)
at wrappers.GenericWrappers.takeSnap(GenericWrappers.java:626)
at utils.Reporter.reportStep(Reporter.java:19)
at wrappers.GenericWrappers.takeSnap(GenericWrappers.java:626)
at utils.Reporter.reportStep(Reporter.java:19)
at wrappers.GenericWrappers.takeSnap(GenericWrappers.java:626)
at utils.Reporter.reportStep(Reporter.java:19)
at wrappers.GenericWrappers.takeSnap(GenericWrappers.java:626)
at utils.Reporter.reportStep(Reporter.java:19)
at wrappers.GenericWrappers.takeSnap(GenericWrappers.java:626)
at utils.Reporter.reportStep(Reporter.java:19)
at wrappers.GenericWrappers.takeSnap(GenericWrappers.java:626)
at utils.Reporter.reportStep(Reporter.java:19)
at wrappers.GenericWrappers.takeSnap(GenericWrappers.java:626)
at utils.Reporter.reportStep(Reporter.java:19)
at wrappers.GenericWrappers.takeSnap(GenericWrappers.java:626)
at utils.Reporter.reportStep(Reporter.java:19)
at wrappers.GenericWrappers.takeSnap(GenericWrappers.java:626)
at utils.Reporter.reportStep(Reporter.java:19)
at wrappers.GenericWrappers.takeSnap(GenericWrappers.java:626)
at utils.Reporter.reportStep(Reporter.java:19)
at wrappers.GenericWrappers.takeSnap(GenericWrappers.java:626)
at utils.Reporter.reportStep(Reporter.java:19)
]]>
            </full-stacktrace>
          </exception> <!-- java.lang.StackOverflowError -->
          <reporter-output>
          </reporter-output>
        </test-method> <!-- beforeMethod -->
        <test-method status="SKIP" signature="login()[pri:0, instance:testcases.SC01TC01@df27fae]" name="login" duration-ms="0" started-at="2018-11-14T07:55:50Z" finished-at="2018-11-14T07:55:50Z">
          <exception class="java.lang.StackOverflowError">
            <full-stacktrace>
              <![CDATA[java.lang.StackOverflowError
at org.openqa.selenium.remote.service.DriverCommandExecutor.execute(DriverCommandExecutor.java:84)
at org.openqa.selenium.remote.RemoteWebDriver.execute(RemoteWebDriver.java:601)
at org.openqa.selenium.remote.RemoteWebDriver.execute(RemoteWebDriver.java:658)
at org.openqa.selenium.remote.RemoteWebDriver.getScreenshotAs(RemoteWebDriver.java:340)
at wrappers.GenericWrappers.takeSnap(GenericWrappers.java:623)
at utils.Reporter.reportStep(Reporter.java:19)
at wrappers.GenericWrappers.takeSnap(GenericWrappers.java:626)
at utils.Reporter.reportStep(Reporter.java:19)
at wrappers.GenericWrappers.takeSnap(GenericWrappers.java:626)
at utils.Reporter.reportStep(Reporter.java:19)
at wrappers.GenericWrappers.takeSnap(GenericWrappers.java:626)
at utils.Reporter.reportStep(Reporter.java:19)
at wrappers.GenericWrappers.takeSnap(GenericWrappers.java:626)
at utils.Reporter.reportStep(Reporter.java:19)
at wrappers.GenericWrappers.takeSnap(GenericWrappers.java:626)
at utils.Reporter.reportStep(Reporter.java:19)
at wrappers.GenericWrappers.takeSnap(GenericWrappers.java:626)
at utils.Reporter.reportStep(Reporter.java:19)
at wrappers.GenericWrappers.takeSnap(GenericWrappers.java:626)
at utils.Reporter.reportStep(Reporter.java:19)
at wrappers.GenericWrappers.takeSnap(GenericWrappers.java:626)
at utils.Reporter.reportStep(Reporter.java:19)
at wrappers.GenericWrappers.takeSnap(GenericWrappers.java:626)
at utils.Reporter.reportStep(Reporter.java:19)
at wrappers.GenericWrappers.takeSnap(GenericWrappers.java:626)
at utils.Reporter.reportStep(Reporter.java:19)
at wrappers.GenericWrappers.takeSnap(GenericWrappers.java:626)
at utils.Reporter.reportStep(Reporter.java:19)
at wrappers.GenericWrappers.takeSnap(GenericWrappers.java:626)
at utils.Reporter.reportStep(Reporter.java:19)
at wrappers.GenericWrappers.takeSnap(GenericWrappers.java:626)
at utils.Reporter.reportStep(Reporter.java:19)
at wrappers.GenericWrappers.takeSnap(GenericWrappers.java:626)
at utils.Reporter.reportStep(Reporter.java:19)
at wrappers.GenericWrappers.takeSnap(GenericWrappers.java:626)
at utils.Reporter.reportStep(Reporter.java:19)
at wrappers.GenericWrappers.takeSnap(GenericWrappers.java:626)
at utils.Reporter.reportStep(Reporter.java:19)
at wrappers.GenericWrappers.takeSnap(GenericWrappers.java:626)
at utils.Reporter.reportStep(Reporter.java:19)
at wrappers.GenericWrappers.takeSnap(GenericWrappers.java:626)
at utils.Reporter.reportStep(Reporter.java:19)
at wrappers.GenericWrappers.takeSnap(GenericWrappers.java:626)
at utils.Reporter.reportStep(Reporter.java:19)
at wrappers.GenericWrappers.takeSnap(GenericWrappers.java:626)
at utils.Reporter.reportStep(Reporter.java:19)
at wrappers.GenericWrappers.takeSnap(GenericWrappers.java:626)
at utils.Reporter.reportStep(Reporter.java:19)
at wrappers.GenericWrappers.takeSnap(GenericWrappers.java:626)
at utils.Reporter.reportStep(Reporter.java:19)
at wrappers.GenericWrappers.takeSnap(GenericWrappers.java:626)
at utils.Reporter.reportStep(Reporter.java:19)
at wrappers.GenericWrappers.takeSnap(GenericWrappers.java:626)
at utils.Reporter.reportStep(Reporter.java:19)
at wrappers.GenericWrappers.takeSnap(GenericWrappers.java:626)
at utils.Reporter.reportStep(Reporter.java:19)
at wrappers.GenericWrappers.takeSnap(GenericWrappers.java:626)
at utils.Reporter.reportStep(Reporter.java:19)
at wrappers.GenericWrappers.takeSnap(GenericWrappers.java:626)
at utils.Reporter.reportStep(Reporter.java:19)
at wrappers.GenericWrappers.takeSnap(GenericWrappers.java:626)
at utils.Reporter.reportStep(Reporter.java:19)
at wrappers.GenericWrappers.takeSnap(GenericWrappers.java:626)
at utils.Reporter.reportStep(Reporter.java:19)
at wrappers.GenericWrappers.takeSnap(GenericWrappers.java:626)
at utils.Reporter.reportStep(Reporter.java:19)
at wrappers.GenericWrappers.takeSnap(GenericWrappers.java:626)
at utils.Reporter.reportStep(Reporter.java:19)
at wrappers.GenericWrappers.takeSnap(GenericWrappers.java:626)
at utils.Reporter.reportStep(Reporter.java:19)
at wrappers.GenericWrappers.takeSnap(GenericWrappers.java:626)
at utils.Reporter.reportStep(Reporter.java:19)
at wrappers.GenericWrappers.takeSnap(GenericWrappers.java:626)
at utils.Reporter.reportStep(Reporter.java:19)
at wrappers.GenericWrappers.takeSnap(GenericWrappers.java:626)
at utils.Reporter.reportStep(Reporter.java:19)
at wrappers.GenericWrappers.takeSnap(GenericWrappers.java:626)
at utils.Reporter.reportStep(Reporter.java:19)
at wrappers.GenericWrappers.takeSnap(GenericWrappers.java:626)
at utils.Reporter.reportStep(Reporter.java:19)
at wrappers.GenericWrappers.takeSnap(GenericWrappers.java:626)
at utils.Reporter.reportStep(Reporter.java:19)
at wrappers.GenericWrappers.takeSnap(GenericWrappers.java:626)
at utils.Reporter.reportStep(Reporter.java:19)
at wrappers.GenericWrappers.takeSnap(GenericWrappers.java:626)
at utils.Reporter.reportStep(Reporter.java:19)
at wrappers.GenericWrappers.takeSnap(GenericWrappers.java:626)
at utils.Reporter.reportStep(Reporter.java:19)
at wrappers.GenericWrappers.takeSnap(GenericWrappers.java:626)
at utils.Reporter.reportStep(Reporter.java:19)
at wrappers.GenericWrappers.takeSnap(GenericWrappers.java:626)
at utils.Reporter.reportStep(Reporter.java:19)
at wrappers.GenericWrappers.takeSnap(GenericWrappers.java:626)
at utils.Reporter.reportStep(Reporter.java:19)
at wrappers.GenericWrappers.takeSnap(GenericWrappers.java:626)
at utils.Reporter.reportStep(Reporter.java:19)
at wrappers.GenericWrappers.takeSnap(GenericWrappers.java:626)
at utils.Reporter.reportStep(Reporter.java:19)
at wrappers.GenericWrappers.takeSnap(GenericWrappers.java:626)
at utils.Reporter.reportStep(Reporter.java:19)
at wrappers.GenericWrappers.takeSnap(GenericWrappers.java:626)
at utils.Reporter.reportStep(Reporter.java:19)
at wrappers.GenericWrappers.takeSnap(GenericWrappers.java:626)
at utils.Reporter.reportStep(Reporter.java:19)
at wrappers.GenericWrappers.takeSnap(GenericWrappers.java:626)
at utils.Reporter.reportStep(Reporter.java:19)
at wrappers.GenericWrappers.takeSnap(GenericWrappers.java:626)
at utils.Reporter.reportStep(Reporter.java:19)
at wrappers.GenericWrappers.takeSnap(GenericWrappers.java:626)
at utils.Reporter.reportStep(Reporter.java:19)
at wrappers.GenericWrappers.takeSnap(GenericWrappers.java:626)
at utils.Reporter.reportStep(Reporter.java:19)
at wrappers.GenericWrappers.takeSnap(GenericWrappers.java:626)
at utils.Reporter.reportStep(Reporter.java:19)
at wrappers.GenericWrappers.takeSnap(GenericWrappers.java:626)
at utils.Reporter.reportStep(Reporter.java:19)
at wrappers.GenericWrappers.takeSnap(GenericWrappers.java:626)
at utils.Reporter.reportStep(Reporter.java:19)
at wrappers.GenericWrappers.takeSnap(GenericWrappers.java:626)
at utils.Reporter.reportStep(Reporter.java:19)
at wrappers.GenericWrappers.takeSnap(GenericWrappers.java:626)
at utils.Reporter.reportStep(Reporter.java:19)
at wrappers.GenericWrappers.takeSnap(GenericWrappers.java:626)
at utils.Reporter.reportStep(Reporter.java:19)
at wrappers.GenericWrappers.takeSnap(GenericWrappers.java:626)
at utils.Reporter.reportStep(Reporter.java:19)
at wrappers.GenericWrappers.takeSnap(GenericWrappers.java:626)
at utils.Reporter.reportStep(Reporter.java:19)
at wrappers.GenericWrappers.takeSnap(GenericWrappers.java:626)
at utils.Reporter.reportStep(Reporter.java:19)
at wrappers.GenericWrappers.takeSnap(GenericWrappers.java:626)
at utils.Reporter.reportStep(Reporter.java:19)
at wrappers.GenericWrappers.takeSnap(GenericWrappers.java:626)
at utils.Reporter.reportStep(Reporter.java:19)
at wrappers.GenericWrappers.takeSnap(GenericWrappers.java:626)
at utils.Reporter.reportStep(Reporter.java:19)
at wrappers.GenericWrappers.takeSnap(GenericWrappers.java:626)
at utils.Reporter.reportStep(Reporter.java:19)
at wrappers.GenericWrappers.takeSnap(GenericWrappers.java:626)
at utils.Reporter.reportStep(Reporter.java:19)
at wrappers.GenericWrappers.takeSnap(GenericWrappers.java:626)
at utils.Reporter.reportStep(Reporter.java:19)
at wrappers.GenericWrappers.takeSnap(GenericWrappers.java:626)
at utils.Reporter.reportStep(Reporter.java:19)
at wrappers.GenericWrappers.takeSnap(GenericWrappers.java:626)
at utils.Reporter.reportStep(Reporter.java:19)
at wrappers.GenericWrappers.takeSnap(GenericWrappers.java:626)
at utils.Reporter.reportStep(Reporter.java:19)
at wrappers.GenericWrappers.takeSnap(GenericWrappers.java:626)
at utils.Reporter.reportStep(Reporter.java:19)
at wrappers.GenericWrappers.takeSnap(GenericWrappers.java:626)
at utils.Reporter.reportStep(Reporter.java:19)
at wrappers.GenericWrappers.takeSnap(GenericWrappers.java:626)
at utils.Reporter.reportStep(Reporter.java:19)
at wrappers.GenericWrappers.takeSnap(GenericWrappers.java:626)
at utils.Reporter.reportStep(Reporter.java:19)
at wrappers.GenericWrappers.takeSnap(GenericWrappers.java:626)
at utils.Reporter.reportStep(Reporter.java:19)
at wrappers.GenericWrappers.takeSnap(GenericWrappers.java:626)
at utils.Reporter.reportStep(Reporter.java:19)
at wrappers.GenericWrappers.takeSnap(GenericWrappers.java:626)
at utils.Reporter.reportStep(Reporter.java:19)
at wrappers.GenericWrappers.takeSnap(GenericWrappers.java:626)
at utils.Reporter.reportStep(Reporter.java:19)
at wrappers.GenericWrappers.takeSnap(GenericWrappers.java:626)
at utils.Reporter.reportStep(Reporter.java:19)
at wrappers.GenericWrappers.takeSnap(GenericWrappers.java:626)
at utils.Reporter.reportStep(Reporter.java:19)
at wrappers.GenericWrappers.takeSnap(GenericWrappers.java:626)
at utils.Reporter.reportStep(Reporter.java:19)
at wrappers.GenericWrappers.takeSnap(GenericWrappers.java:626)
at utils.Reporter.reportStep(Reporter.java:19)
at wrappers.GenericWrappers.takeSnap(GenericWrappers.java:626)
at utils.Reporter.reportStep(Reporter.java:19)
at wrappers.GenericWrappers.takeSnap(GenericWrappers.java:626)
at utils.Reporter.reportStep(Reporter.java:19)
at wrappers.GenericWrappers.takeSnap(GenericWrappers.java:626)
at utils.Reporter.reportStep(Reporter.java:19)
at wrappers.GenericWrappers.takeSnap(GenericWrappers.java:626)
at utils.Reporter.reportStep(Reporter.java:19)
at wrappers.GenericWrappers.takeSnap(GenericWrappers.java:626)
at utils.Reporter.reportStep(Reporter.java:19)
at wrappers.GenericWrappers.takeSnap(GenericWrappers.java:626)
at utils.Reporter.reportStep(Reporter.java:19)
at wrappers.GenericWrappers.takeSnap(GenericWrappers.java:626)
at utils.Reporter.reportStep(Reporter.java:19)
at wrappers.GenericWrappers.takeSnap(GenericWrappers.java:626)
at utils.Reporter.reportStep(Reporter.java:19)
at wrappers.GenericWrappers.takeSnap(GenericWrappers.java:626)
at utils.Reporter.reportStep(Reporter.java:19)
at wrappers.GenericWrappers.takeSnap(GenericWrappers.java:626)
at utils.Reporter.reportStep(Reporter.java:19)
at wrappers.GenericWrappers.takeSnap(GenericWrappers.java:626)
at utils.Reporter.reportStep(Reporter.java:19)
at wrappers.GenericWrappers.takeSnap(GenericWrappers.java:626)
at utils.Reporter.reportStep(Reporter.java:19)
at wrappers.GenericWrappers.takeSnap(GenericWrappers.java:626)
at utils.Reporter.reportStep(Reporter.java:19)
at wrappers.GenericWrappers.takeSnap(GenericWrappers.java:626)
at utils.Reporter.reportStep(Reporter.java:19)
at wrappers.GenericWrappers.takeSnap(GenericWrappers.java:626)
at utils.Reporter.reportStep(Reporter.java:19)
at wrappers.GenericWrappers.takeSnap(GenericWrappers.java:626)
at utils.Reporter.reportStep(Reporter.java:19)
at wrappers.GenericWrappers.takeSnap(GenericWrappers.java:626)
at utils.Reporter.reportStep(Reporter.java:19)
at wrappers.GenericWrappers.takeSnap(GenericWrappers.java:626)
at utils.Reporter.reportStep(Reporter.java:19)
at wrappers.GenericWrappers.takeSnap(GenericWrappers.java:626)
at utils.Reporter.reportStep(Reporter.java:19)
at wrappers.GenericWrappers.takeSnap(GenericWrappers.java:626)
at utils.Reporter.reportStep(Reporter.java:19)
at wrappers.GenericWrappers.takeSnap(GenericWrappers.java:626)
at utils.Reporter.reportStep(Reporter.java:19)
at wrappers.GenericWrappers.takeSnap(GenericWrappers.java:626)
at utils.Reporter.reportStep(Reporter.java:19)
at wrappers.GenericWrappers.takeSnap(GenericWrappers.java:626)
at utils.Reporter.reportStep(Reporter.java:19)
at wrappers.GenericWrappers.takeSnap(GenericWrappers.java:626)
at utils.Reporter.reportStep(Reporter.java:19)
at wrappers.GenericWrappers.takeSnap(GenericWrappers.java:626)
at utils.Reporter.reportStep(Reporter.java:19)
at wrappers.GenericWrappers.takeSnap(GenericWrappers.java:626)
at utils.Reporter.reportStep(Reporter.java:19)
at wrappers.GenericWrappers.takeSnap(GenericWrappers.java:626)
at utils.Reporter.reportStep(Reporter.java:19)
at wrappers.GenericWrappers.takeSnap(GenericWrappers.java:626)
at utils.Reporter.reportStep(Reporter.java:19)
at wrappers.GenericWrappers.takeSnap(GenericWrappers.java:626)
at utils.Reporter.reportStep(Reporter.java:19)
at wrappers.GenericWrappers.takeSnap(GenericWrappers.java:626)
at utils.Reporter.reportStep(Reporter.java:19)
at wrappers.GenericWrappers.takeSnap(GenericWrappers.java:626)
at utils.Reporter.reportStep(Reporter.java:19)
at wrappers.GenericWrappers.takeSnap(GenericWrappers.java:626)
at utils.Reporter.reportStep(Reporter.java:19)
at wrappers.GenericWrappers.takeSnap(GenericWrappers.java:626)
at utils.Reporter.reportStep(Reporter.java:19)
at wrappers.GenericWrappers.takeSnap(GenericWrappers.java:626)
at utils.Reporter.reportStep(Reporter.java:19)
at wrappers.GenericWrappers.takeSnap(GenericWrappers.java:626)
at utils.Reporter.reportStep(Reporter.java:19)
at wrappers.GenericWrappers.takeSnap(GenericWrappers.java:626)
at utils.Reporter.reportStep(Reporter.java:19)
at wrappers.GenericWrappers.takeSnap(GenericWrappers.java:626)
at utils.Reporter.reportStep(Reporter.java:19)
at wrappers.GenericWrappers.takeSnap(GenericWrappers.java:626)
at utils.Reporter.reportStep(Reporter.java:19)
at wrappers.GenericWrappers.takeSnap(GenericWrappers.java:626)
at utils.Reporter.reportStep(Reporter.java:19)
at wrappers.GenericWrappers.takeSnap(GenericWrappers.java:626)
at utils.Reporter.reportStep(Reporter.java:19)
at wrappers.GenericWrappers.takeSnap(GenericWrappers.java:626)
at utils.Reporter.reportStep(Reporter.java:19)
at wrappers.GenericWrappers.takeSnap(GenericWrappers.java:626)
at utils.Reporter.reportStep(Reporter.java:19)
at wrappers.GenericWrappers.takeSnap(GenericWrappers.java:626)
at utils.Reporter.reportStep(Reporter.java:19)
at wrappers.GenericWrappers.takeSnap(GenericWrappers.java:626)
at utils.Reporter.reportStep(Reporter.java:19)
at wrappers.GenericWrappers.takeSnap(GenericWrappers.java:626)
at utils.Reporter.reportStep(Reporter.java:19)
at wrappers.GenericWrappers.takeSnap(GenericWrappers.java:626)
at utils.Reporter.reportStep(Reporter.java:19)
at wrappers.GenericWrappers.takeSnap(GenericWrappers.java:626)
at utils.Reporter.reportStep(Reporter.java:19)
at wrappers.GenericWrappers.takeSnap(GenericWrappers.java:626)
at utils.Reporter.reportStep(Reporter.java:19)
at wrappers.GenericWrappers.takeSnap(GenericWrappers.java:626)
at utils.Reporter.reportStep(Reporter.java:19)
at wrappers.GenericWrappers.takeSnap(GenericWrappers.java:626)
at utils.Reporter.reportStep(Reporter.java:19)
at wrappers.GenericWrappers.takeSnap(GenericWrappers.java:626)
at utils.Reporter.reportStep(Reporter.java:19)
at wrappers.GenericWrappers.takeSnap(GenericWrappers.java:626)
at utils.Reporter.reportStep(Reporter.java:19)
at wrappers.GenericWrappers.takeSnap(GenericWrappers.java:626)
at utils.Reporter.reportStep(Reporter.java:19)
at wrappers.GenericWrappers.takeSnap(GenericWrappers.java:626)
at utils.Reporter.reportStep(Reporter.java:19)
at wrappers.GenericWrappers.takeSnap(GenericWrappers.java:626)
at utils.Reporter.reportStep(Reporter.java:19)
at wrappers.GenericWrappers.takeSnap(GenericWrappers.java:626)
at utils.Reporter.reportStep(Reporter.java:19)
at wrappers.GenericWrappers.takeSnap(GenericWrappers.java:626)
at utils.Reporter.reportStep(Reporter.java:19)
at wrappers.GenericWrappers.takeSnap(GenericWrappers.java:626)
at utils.Reporter.reportStep(Reporter.java:19)
at wrappers.GenericWrappers.takeSnap(GenericWrappers.java:626)
at utils.Reporter.reportStep(Reporter.java:19)
at wrappers.GenericWrappers.takeSnap(GenericWrappers.java:626)
at utils.Reporter.reportStep(Reporter.java:19)
at wrappers.GenericWrappers.takeSnap(GenericWrappers.java:626)
at utils.Reporter.reportStep(Reporter.java:19)
at wrappers.GenericWrappers.takeSnap(GenericWrappers.java:626)
at utils.Reporter.reportStep(Reporter.java:19)
at wrappers.GenericWrappers.takeSnap(GenericWrappers.java:626)
at utils.Reporter.reportStep(Reporter.java:19)
at wrappers.GenericWrappers.takeSnap(GenericWrappers.java:626)
at utils.Reporter.reportStep(Reporter.java:19)
at wrappers.GenericWrappers.takeSnap(GenericWrappers.java:626)
at utils.Reporter.reportStep(Reporter.java:19)
at wrappers.GenericWrappers.takeSnap(GenericWrappers.java:626)
at utils.Reporter.reportStep(Reporter.java:19)
at wrappers.GenericWrappers.takeSnap(GenericWrappers.java:626)
at utils.Reporter.reportStep(Reporter.java:19)
at wrappers.GenericWrappers.takeSnap(GenericWrappers.java:626)
at utils.Reporter.reportStep(Reporter.java:19)
at wrappers.GenericWrappers.takeSnap(GenericWrappers.java:626)
at utils.Reporter.reportStep(Reporter.java:19)
at wrappers.GenericWrappers.takeSnap(GenericWrappers.java:626)
at utils.Reporter.reportStep(Reporter.java:19)
at wrappers.GenericWrappers.takeSnap(GenericWrappers.java:626)
at utils.Reporter.reportStep(Reporter.java:19)
at wrappers.GenericWrappers.takeSnap(GenericWrappers.java:626)
at utils.Reporter.reportStep(Reporter.java:19)
at wrappers.GenericWrappers.takeSnap(GenericWrappers.java:626)
at utils.Reporter.reportStep(Reporter.java:19)
at wrappers.GenericWrappers.takeSnap(GenericWrappers.java:626)
at utils.Reporter.reportStep(Reporter.java:19)
at wrappers.GenericWrappers.takeSnap(GenericWrappers.java:626)
at utils.Reporter.reportStep(Reporter.java:19)
at wrappers.GenericWrappers.takeSnap(GenericWrappers.java:626)
at utils.Reporter.reportStep(Reporter.java:19)
at wrappers.GenericWrappers.takeSnap(GenericWrappers.java:626)
at utils.Reporter.reportStep(Reporter.java:19)
at wrappers.GenericWrappers.takeSnap(GenericWrappers.java:626)
at utils.Reporter.reportStep(Reporter.java:19)
at wrappers.GenericWrappers.takeSnap(GenericWrappers.java:626)
at utils.Reporter.reportStep(Reporter.java:19)
at wrappers.GenericWrappers.takeSnap(GenericWrappers.java:626)
at utils.Reporter.reportStep(Reporter.java:19)
at wrappers.GenericWrappers.takeSnap(GenericWrappers.java:626)
at utils.Reporter.reportStep(Reporter.java:19)
at wrappers.GenericWrappers.takeSnap(GenericWrappers.java:626)
at utils.Reporter.reportStep(Reporter.java:19)
at wrappers.GenericWrappers.takeSnap(GenericWrappers.java:626)
at utils.Reporter.reportStep(Reporter.java:19)
at wrappers.GenericWrappers.takeSnap(GenericWrappers.java:626)
at utils.Reporter.reportStep(Reporter.java:19)
at wrappers.GenericWrappers.takeSnap(GenericWrappers.java:626)
at utils.Reporter.reportStep(Reporter.java:19)
at wrappers.GenericWrappers.takeSnap(GenericWrappers.java:626)
at utils.Reporter.reportStep(Reporter.java:19)
at wrappers.GenericWrappers.takeSnap(GenericWrappers.java:626)
at utils.Reporter.reportStep(Reporter.java:19)
at wrappers.GenericWrappers.takeSnap(GenericWrappers.java:626)
at utils.Reporter.reportStep(Reporter.java:19)
at wrappers.GenericWrappers.takeSnap(GenericWrappers.java:626)
at utils.Reporter.reportStep(Reporter.java:19)
at wrappers.GenericWrappers.takeSnap(GenericWrappers.java:626)
at utils.Reporter.reportStep(Reporter.java:19)
at wrappers.GenericWrappers.takeSnap(GenericWrappers.java:626)
at utils.Reporter.reportStep(Reporter.java:19)
at wrappers.GenericWrappers.takeSnap(GenericWrappers.java:626)
at utils.Reporter.reportStep(Reporter.java:19)
at wrappers.GenericWrappers.takeSnap(GenericWrappers.java:626)
[...]
at utils.Reporter.reportStep(Reporter.java:19)
at wrappers.GenericWrappers.takeSnap(GenericWrappers.java:626)
at utils.Reporter.reportStep(Reporter.java:19)
at wrappers.GenericWrappers.takeSnap(GenericWrappers.java:626)
at utils.Reporter.reportStep(Reporter.java:19)
at wrappers.GenericWrappers.takeSnap(GenericWrappers.java:626)
at utils.Reporter.reportStep(Reporter.java:19)
at wrappers.GenericWrappers.takeSnap(GenericWrappers.java:626)
at utils.Reporter.reportStep(Reporter.java:19)
at wrappers.GenericWrappers.takeSnap(GenericWrappers.java:626)
at utils.Reporter.reportStep(Reporter.java:19)
at wrappers.GenericWrappers.takeSnap(GenericWrappers.java:626)
at utils.Reporter.reportStep(Reporter.java:19)
at wrappers.GenericWrappers.takeSnap(GenericWrappers.java:626)
at utils.Reporter.reportStep(Reporter.java:19)
at wrappers.GenericWrappers.takeSnap(GenericWrappers.java:626)
at utils.Reporter.reportStep(Reporter.java:19)
at wrappers.GenericWrappers.takeSnap(GenericWrappers.java:626)
at utils.Reporter.reportStep(Reporter.java:19)
at wrappers.GenericWrappers.takeSnap(GenericWrappers.java:626)
at utils.Reporter.reportStep(Reporter.java:19)
at wrappers.GenericWrappers.takeSnap(GenericWrappers.java:626)
at utils.Reporter.reportStep(Reporter.java:19)
at wrappers.GenericWrappers.takeSnap(GenericWrappers.java:626)
at utils.Reporter.reportStep(Reporter.java:19)
at wrappers.GenericWrappers.takeSnap(GenericWrappers.java:626)
at utils.Reporter.reportStep(Reporter.java:19)
at wrappers.GenericWrappers.takeSnap(GenericWrappers.java:626)
at utils.Reporter.reportStep(Reporter.java:19)
at wrappers.GenericWrappers.takeSnap(GenericWrappers.java:626)
at utils.Reporter.reportStep(Reporter.java:19)
at wrappers.GenericWrappers.takeSnap(GenericWrappers.java:626)
at utils.Reporter.reportStep(Reporter.java:19)
at wrappers.GenericWrappers.takeSnap(GenericWrappers.java:626)
at utils.Reporter.reportStep(Reporter.java:19)
at wrappers.GenericWrappers.takeSnap(GenericWrappers.java:626)
at utils.Reporter.reportStep(Reporter.java:19)
at wrappers.GenericWrappers.takeSnap(GenericWrappers.java:626)
at utils.Reporter.reportStep(Reporter.java:19)
at wrappers.GenericWrappers.takeSnap(GenericWrappers.java:626)
at utils.Reporter.reportStep(Reporter.java:19)
at wrappers.GenericWrappers.takeSnap(GenericWrappers.java:626)
at utils.Reporter.reportStep(Reporter.java:19)
at wrappers.GenericWrappers.takeSnap(GenericWrappers.java:626)
at utils.Reporter.reportStep(Reporter.java:19)
at wrappers.GenericWrappers.takeSnap(GenericWrappers.java:626)
at utils.Reporter.reportStep(Reporter.java:19)
at wrappers.GenericWrappers.takeSnap(GenericWrappers.java:626)
at utils.Reporter.reportStep(Reporter.java:19)
at wrappers.GenericWrappers.takeSnap(GenericWrappers.java:626)
at utils.Reporter.reportStep(Reporter.java:19)
at wrappers.GenericWrappers.takeSnap(GenericWrappers.java:626)
at utils.Reporter.reportStep(Reporter.java:19)
at wrappers.GenericWrappers.takeSnap(GenericWrappers.java:626)
at utils.Reporter.reportStep(Reporter.java:19)
at wrappers.GenericWrappers.takeSnap(GenericWrappers.java:626)
at utils.Reporter.reportStep(Reporter.java:19)
at wrappers.GenericWrappers.takeSnap(GenericWrappers.java:626)
at utils.Reporter.reportStep(Reporter.java:19)
at wrappers.GenericWrappers.takeSnap(GenericWrappers.java:626)
at utils.Reporter.reportStep(Reporter.java:19)
at wrappers.GenericWrappers.takeSnap(GenericWrappers.java:626)
at utils.Reporter.reportStep(Reporter.java:19)
at wrappers.GenericWrappers.takeSnap(GenericWrappers.java:626)
at utils.Reporter.reportStep(Reporter.java:19)
at wrappers.GenericWrappers.takeSnap(GenericWrappers.java:626)
at utils.Reporter.reportStep(Reporter.java:19)
at wrappers.GenericWrappers.takeSnap(GenericWrappers.java:626)
at utils.Reporter.reportStep(Reporter.java:19)
at wrappers.GenericWrappers.takeSnap(GenericWrappers.java:626)
at utils.Reporter.reportStep(Reporter.java:19)
at wrappers.GenericWrappers.takeSnap(GenericWrappers.java:626)
at utils.Reporter.reportStep(Reporter.java:19)
at wrappers.GenericWrappers.takeSnap(GenericWrappers.java:626)
at utils.Reporter.reportStep(Reporter.java:19)
at wrappers.GenericWrappers.takeSnap(GenericWrappers.java:626)
at utils.Reporter.reportStep(Reporter.java:19)
at wrappers.GenericWrappers.takeSnap(GenericWrappers.java:626)
at utils.Reporter.reportStep(Reporter.java:19)
at wrappers.GenericWrappers.takeSnap(GenericWrappers.java:626)
at utils.Reporter.reportStep(Reporter.java:19)
at wrappers.GenericWrappers.takeSnap(GenericWrappers.java:626)
at utils.Reporter.reportStep(Reporter.java:19)
at wrappers.GenericWrappers.takeSnap(GenericWrappers.java:626)
at utils.Reporter.reportStep(Reporter.java:19)
at wrappers.GenericWrappers.takeSnap(GenericWrappers.java:626)
at utils.Reporter.reportStep(Reporter.java:19)
at wrappers.GenericWrappers.takeSnap(GenericWrappers.java:626)
at utils.Reporter.reportStep(Reporter.java:19)
at wrappers.GenericWrappers.takeSnap(GenericWrappers.java:626)
at utils.Reporter.reportStep(Reporter.java:19)
at wrappers.GenericWrappers.takeSnap(GenericWrappers.java:626)
at utils.Reporter.reportStep(Reporter.java:19)
at wrappers.GenericWrappers.takeSnap(GenericWrappers.java:626)
at utils.Reporter.reportStep(Reporter.java:19)
at wrappers.GenericWrappers.takeSnap(GenericWrappers.java:626)
at utils.Reporter.reportStep(Reporter.java:19)
at wrappers.GenericWrappers.takeSnap(GenericWrappers.java:626)
at utils.Reporter.reportStep(Reporter.java:19)
at wrappers.GenericWrappers.takeSnap(GenericWrappers.java:626)
at utils.Reporter.reportStep(Reporter.java:19)
at wrappers.GenericWrappers.takeSnap(GenericWrappers.java:626)
at utils.Reporter.reportStep(Reporter.java:19)
at wrappers.GenericWrappers.takeSnap(GenericWrappers.java:626)
at utils.Reporter.reportStep(Reporter.java:19)
at wrappers.GenericWrappers.takeSnap(GenericWrappers.java:626)
at utils.Reporter.reportStep(Reporter.java:19)
at wrappers.GenericWrappers.takeSnap(GenericWrappers.java:626)
at utils.Reporter.reportStep(Reporter.java:19)
at wrappers.GenericWrappers.takeSnap(GenericWrappers.java:626)
at utils.Reporter.reportStep(Reporter.java:19)
at wrappers.GenericWrappers.takeSnap(GenericWrappers.java:626)
at utils.Reporter.reportStep(Reporter.java:19)
at wrappers.GenericWrappers.takeSnap(GenericWrappers.java:626)
at utils.Reporter.reportStep(Reporter.java:19)
at wrappers.GenericWrappers.takeSnap(GenericWrappers.java:626)
at utils.Reporter.reportStep(Reporter.java:19)
at wrappers.GenericWrappers.takeSnap(GenericWrappers.java:626)
at utils.Reporter.reportStep(Reporter.java:19)
at wrappers.GenericWrappers.takeSnap(GenericWrappers.java:626)
at utils.Reporter.reportStep(Reporter.java:19)
at wrappers.GenericWrappers.takeSnap(GenericWrappers.java:626)
at utils.Reporter.reportStep(Reporter.java:19)
at wrappers.GenericWrappers.takeSnap(GenericWrappers.java:626)
at utils.Reporter.reportStep(Reporter.java:19)
at wrappers.GenericWrappers.takeSnap(GenericWrappers.java:626)
at utils.Reporter.reportStep(Reporter.java:19)
at wrappers.GenericWrappers.takeSnap(GenericWrappers.java:626)
at utils.Reporter.reportStep(Reporter.java:19)
at wrappers.GenericWrappers.takeSnap(GenericWrappers.java:626)
at utils.Reporter.reportStep(Reporter.java:19)
at wrappers.GenericWrappers.takeSnap(GenericWrappers.java:626)
at utils.Reporter.reportStep(Reporter.java:19)
at wrappers.GenericWrappers.takeSnap(GenericWrappers.java:626)
at utils.Reporter.reportStep(Reporter.java:19)
at wrappers.GenericWrappers.takeSnap(GenericWrappers.java:626)
at utils.Reporter.reportStep(Reporter.java:19)
at wrappers.GenericWrappers.takeSnap(GenericWrappers.java:626)
at utils.Reporter.reportStep(Reporter.java:19)
at wrappers.GenericWrappers.takeSnap(GenericWrappers.java:626)
at utils.Reporter.reportStep(Reporter.java:19)
at wrappers.GenericWrappers.takeSnap(GenericWrappers.java:626)
at utils.Reporter.reportStep(Reporter.java:19)
at wrappers.GenericWrappers.takeSnap(GenericWrappers.java:626)
at utils.Reporter.reportStep(Reporter.java:19)
at wrappers.GenericWrappers.takeSnap(GenericWrappers.java:626)
at utils.Reporter.reportStep(Reporter.java:19)
at wrappers.GenericWrappers.takeSnap(GenericWrappers.java:626)
at utils.Reporter.reportStep(Reporter.java:19)
at wrappers.GenericWrappers.takeSnap(GenericWrappers.java:626)
at utils.Reporter.reportStep(Reporter.java:19)
at wrappers.GenericWrappers.takeSnap(GenericWrappers.java:626)
at utils.Reporter.reportStep(Reporter.java:19)
at wrappers.GenericWrappers.takeSnap(GenericWrappers.java:626)
at utils.Reporter.reportStep(Reporter.java:19)
at wrappers.GenericWrappers.takeSnap(GenericWrappers.java:626)
at utils.Reporter.reportStep(Reporter.java:19)
at wrappers.GenericWrappers.takeSnap(GenericWrappers.java:626)
at utils.Reporter.reportStep(Reporter.java:19)
at wrappers.GenericWrappers.takeSnap(GenericWrappers.java:626)
at utils.Reporter.reportStep(Reporter.java:19)
at wrappers.GenericWrappers.takeSnap(GenericWrappers.java:626)
at utils.Reporter.reportStep(Reporter.java:19)
at wrappers.GenericWrappers.takeSnap(GenericWrappers.java:626)
at utils.Reporter.reportStep(Reporter.java:19)
at wrappers.GenericWrappers.takeSnap(GenericWrappers.java:626)
at utils.Reporter.reportStep(Reporter.java:19)
at wrappers.GenericWrappers.takeSnap(GenericWrappers.java:626)
at utils.Reporter.reportStep(Reporter.java:19)
at wrappers.GenericWrappers.takeSnap(GenericWrappers.java:626)
at utils.Reporter.reportStep(Reporter.java:19)
at wrappers.GenericWrappers.takeSnap(GenericWrappers.java:626)
at utils.Reporter.reportStep(Reporter.java:19)
at wrappers.GenericWrappers.takeSnap(GenericWrappers.java:626)
at utils.Reporter.reportStep(Reporter.java:19)
at wrappers.GenericWrappers.takeSnap(GenericWrappers.java:626)
at utils.Reporter.reportStep(Reporter.java:19)
at wrappers.GenericWrappers.takeSnap(GenericWrappers.java:626)
at utils.Reporter.reportStep(Reporter.java:19)
at wrappers.GenericWrappers.takeSnap(GenericWrappers.java:626)
at utils.Reporter.reportStep(Reporter.java:19)
at wrappers.GenericWrappers.takeSnap(GenericWrappers.java:626)
at utils.Reporter.reportStep(Reporter.java:19)
at wrappers.GenericWrappers.takeSnap(GenericWrappers.java:626)
at utils.Reporter.reportStep(Reporter.java:19)
at wrappers.GenericWrappers.takeSnap(GenericWrappers.java:626)
at utils.Reporter.reportStep(Reporter.java:19)
at wrappers.GenericWrappers.takeSnap(GenericWrappers.java:626)
at utils.Reporter.reportStep(Reporter.java:19)
at wrappers.GenericWrappers.takeSnap(GenericWrappers.java:626)
at utils.Reporter.reportStep(Reporter.java:19)
at wrappers.GenericWrappers.takeSnap(GenericWrappers.java:626)
at utils.Reporter.reportStep(Reporter.java:19)
at wrappers.GenericWrappers.takeSnap(GenericWrappers.java:626)
at utils.Reporter.reportStep(Reporter.java:19)
at wrappers.GenericWrappers.takeSnap(GenericWrappers.java:626)
at utils.Reporter.reportStep(Reporter.java:19)
at wrappers.GenericWrappers.takeSnap(GenericWrappers.java:626)
at utils.Reporter.reportStep(Reporter.java:19)
at wrappers.GenericWrappers.takeSnap(GenericWrappers.java:626)
at utils.Reporter.reportStep(Reporter.java:19)
at wrappers.GenericWrappers.takeSnap(GenericWrappers.java:626)
at utils.Reporter.reportStep(Reporter.java:19)
at wrappers.GenericWrappers.takeSnap(GenericWrappers.java:626)
at utils.Reporter.reportStep(Reporter.java:19)
at wrappers.GenericWrappers.takeSnap(GenericWrappers.java:626)
at utils.Reporter.reportStep(Reporter.java:19)
at wrappers.GenericWrappers.takeSnap(GenericWrappers.java:626)
at utils.Reporter.reportStep(Reporter.java:19)
at wrappers.GenericWrappers.takeSnap(GenericWrappers.java:626)
at utils.Reporter.reportStep(Reporter.java:19)
at wrappers.GenericWrappers.takeSnap(GenericWrappers.java:626)
at utils.Reporter.reportStep(Reporter.java:19)
at wrappers.GenericWrappers.takeSnap(GenericWrappers.java:626)
at utils.Reporter.reportStep(Reporter.java:19)
at wrappers.GenericWrappers.takeSnap(GenericWrappers.java:626)
at utils.Reporter.reportStep(Reporter.java:19)
at wrappers.GenericWrappers.takeSnap(GenericWrappers.java:626)
at utils.Reporter.reportStep(Reporter.java:19)
at wrappers.GenericWrappers.takeSnap(GenericWrappers.java:626)
at utils.Reporter.reportStep(Reporter.java:19)
at wrappers.GenericWrappers.takeSnap(GenericWrappers.java:626)
at utils.Reporter.reportStep(Reporter.java:19)
at wrappers.GenericWrappers.takeSnap(GenericWrappers.java:626)
at utils.Reporter.reportStep(Reporter.java:19)
at wrappers.GenericWrappers.takeSnap(GenericWrappers.java:626)
at utils.Reporter.reportStep(Reporter.java:19)
at wrappers.GenericWrappers.takeSnap(GenericWrappers.java:626)
at utils.Reporter.reportStep(Reporter.java:19)
at wrappers.GenericWrappers.takeSnap(GenericWrappers.java:626)
at utils.Reporter.reportStep(Reporter.java:19)
at wrappers.GenericWrappers.takeSnap(GenericWrappers.java:626)
at utils.Reporter.reportStep(Reporter.java:19)
at wrappers.GenericWrappers.takeSnap(GenericWrappers.java:626)
at utils.Reporter.reportStep(Reporter.java:19)
at wrappers.GenericWrappers.takeSnap(GenericWrappers.java:626)
at utils.Reporter.reportStep(Reporter.java:19)
at wrappers.GenericWrappers.takeSnap(GenericWrappers.java:626)
at utils.Reporter.reportStep(Reporter.java:19)
at wrappers.GenericWrappers.takeSnap(GenericWrappers.java:626)
at utils.Reporter.reportStep(Reporter.java:19)
at wrappers.GenericWrappers.takeSnap(GenericWrappers.java:626)
at utils.Reporter.reportStep(Reporter.java:19)
at wrappers.GenericWrappers.takeSnap(GenericWrappers.java:626)
at utils.Reporter.reportStep(Reporter.java:19)
at wrappers.GenericWrappers.takeSnap(GenericWrappers.java:626)
at utils.Reporter.reportStep(Reporter.java:19)
at wrappers.GenericWrappers.takeSnap(GenericWrappers.java:626)
at utils.Reporter.reportStep(Reporter.java:19)
at wrappers.GenericWrappers.takeSnap(GenericWrappers.java:626)
at utils.Reporter.reportStep(Reporter.java:19)
at wrappers.GenericWrappers.takeSnap(GenericWrappers.java:626)
at utils.Reporter.reportStep(Reporter.java:19)
at wrappers.GenericWrappers.takeSnap(GenericWrappers.java:626)
at utils.Reporter.reportStep(Reporter.java:19)
at wrappers.GenericWrappers.takeSnap(GenericWrappers.java:626)
at utils.Reporter.reportStep(Reporter.java:19)
at wrappers.GenericWrappers.takeSnap(GenericWrappers.java:626)
at utils.Reporter.reportStep(Reporter.java:19)
at wrappers.GenericWrappers.takeSnap(GenericWrappers.java:626)
at utils.Reporter.reportStep(Reporter.java:19)
at wrappers.GenericWrappers.takeSnap(GenericWrappers.java:626)
at utils.Reporter.reportStep(Reporter.java:19)
at wrappers.GenericWrappers.takeSnap(GenericWrappers.java:626)
at utils.Reporter.reportStep(Reporter.java:19)
at wrappers.GenericWrappers.takeSnap(GenericWrappers.java:626)
at utils.Reporter.reportStep(Reporter.java:19)
at wrappers.GenericWrappers.takeSnap(GenericWrappers.java:626)
at utils.Reporter.reportStep(Reporter.java:19)
at wrappers.GenericWrappers.takeSnap(GenericWrappers.java:626)
at utils.Reporter.reportStep(Reporter.java:19)
at wrappers.GenericWrappers.takeSnap(GenericWrappers.java:626)
at utils.Reporter.reportStep(Reporter.java:19)
at wrappers.GenericWrappers.takeSnap(GenericWrappers.java:626)
at utils.Reporter.reportStep(Reporter.java:19)
at wrappers.GenericWrappers.takeSnap(GenericWrappers.java:626)
at utils.Reporter.reportStep(Reporter.java:19)
at wrappers.GenericWrappers.takeSnap(GenericWrappers.java:626)
at utils.Reporter.reportStep(Reporter.java:19)
at wrappers.GenericWrappers.takeSnap(GenericWrappers.java:626)
at utils.Reporter.reportStep(Reporter.java:19)
at wrappers.GenericWrappers.takeSnap(GenericWrappers.java:626)
at utils.Reporter.reportStep(Reporter.java:19)
at wrappers.GenericWrappers.takeSnap(GenericWrappers.java:626)
at utils.Reporter.reportStep(Reporter.java:19)
at wrappers.GenericWrappers.takeSnap(GenericWrappers.java:626)
at utils.Reporter.reportStep(Reporter.java:19)
at wrappers.GenericWrappers.takeSnap(GenericWrappers.java:626)
at utils.Reporter.reportStep(Reporter.java:19)
at wrappers.GenericWrappers.takeSnap(GenericWrappers.java:626)
at utils.Reporter.reportStep(Reporter.java:19)
at wrappers.GenericWrappers.takeSnap(GenericWrappers.java:626)
at utils.Reporter.reportStep(Reporter.java:19)
at wrappers.GenericWrappers.takeSnap(GenericWrappers.java:626)
at utils.Reporter.reportStep(Reporter.java:19)
at wrappers.GenericWrappers.takeSnap(GenericWrappers.java:626)
at utils.Reporter.reportStep(Reporter.java:19)
at wrappers.GenericWrappers.takeSnap(GenericWrappers.java:626)
at utils.Reporter.reportStep(Reporter.java:19)
at wrappers.GenericWrappers.takeSnap(GenericWrappers.java:626)
at utils.Reporter.reportStep(Reporter.java:19)
at wrappers.GenericWrappers.takeSnap(GenericWrappers.java:626)
at utils.Reporter.reportStep(Reporter.java:19)
at wrappers.GenericWrappers.takeSnap(GenericWrappers.java:626)
at utils.Reporter.reportStep(Reporter.java:19)
at wrappers.GenericWrappers.takeSnap(GenericWrappers.java:626)
at utils.Reporter.reportStep(Reporter.java:19)
at wrappers.GenericWrappers.takeSnap(GenericWrappers.java:626)
at utils.Reporter.reportStep(Reporter.java:19)
at wrappers.GenericWrappers.takeSnap(GenericWrappers.java:626)
at utils.Reporter.reportStep(Reporter.java:19)
at wrappers.GenericWrappers.takeSnap(GenericWrappers.java:626)
at utils.Reporter.reportStep(Reporter.java:19)
at wrappers.GenericWrappers.takeSnap(GenericWrappers.java:626)
at utils.Reporter.reportStep(Reporter.java:19)
at wrappers.GenericWrappers.takeSnap(GenericWrappers.java:626)
at utils.Reporter.reportStep(Reporter.java:19)
at wrappers.GenericWrappers.takeSnap(GenericWrappers.java:626)
at utils.Reporter.reportStep(Reporter.java:19)
at wrappers.GenericWrappers.takeSnap(GenericWrappers.java:626)
at utils.Reporter.reportStep(Reporter.java:19)
at wrappers.GenericWrappers.takeSnap(GenericWrappers.java:626)
at utils.Reporter.reportStep(Reporter.java:19)
at wrappers.GenericWrappers.takeSnap(GenericWrappers.java:626)
at utils.Reporter.reportStep(Reporter.java:19)
at wrappers.GenericWrappers.takeSnap(GenericWrappers.java:626)
at utils.Reporter.reportStep(Reporter.java:19)
at wrappers.GenericWrappers.takeSnap(GenericWrappers.java:626)
at utils.Reporter.reportStep(Reporter.java:19)
at wrappers.GenericWrappers.takeSnap(GenericWrappers.java:626)
at utils.Reporter.reportStep(Reporter.java:19)
at wrappers.GenericWrappers.takeSnap(GenericWrappers.java:626)
at utils.Reporter.reportStep(Reporter.java:19)
at wrappers.GenericWrappers.takeSnap(GenericWrappers.java:626)
at utils.Reporter.reportStep(Reporter.java:19)
at wrappers.GenericWrappers.takeSnap(GenericWrappers.java:626)
at utils.Reporter.reportStep(Reporter.java:19)
at wrappers.GenericWrappers.takeSnap(GenericWrappers.java:626)
at utils.Reporter.reportStep(Reporter.java:19)
]]>
            </full-stacktrace>
          </exception> <!-- java.lang.StackOverflowError -->
          <reporter-output>
          </reporter-output>
        </test-method> <!-- login -->
        <test-method status="SKIP" signature="afterTest()[pri:0, instance:testcases.SC01TC01@df27fae]" name="afterTest" is-config="true" duration-ms="0" started-at="2018-11-14T07:55:50Z" finished-at="2018-11-14T07:55:50Z">
          <reporter-output>
          </reporter-output>
        </test-method> <!-- afterTest -->
        <test-method status="SKIP" signature="afterSuite()[pri:0, instance:testcases.SC01TC01@df27fae]" name="afterSuite" is-config="true" duration-ms="0" started-at="2018-11-14T07:55:51Z" finished-at="2018-11-14T07:55:51Z">
          <reporter-output>
          </reporter-output>
        </test-method> <!-- afterSuite -->
      </class> <!-- testcases.SC01TC01 -->
    </test> <!-- Default test -->
  </suite> <!-- Default suite -->
</testng-results>
