<?xml version="1.0" encoding="UTF-8"?>
<testng-results skipped="0" failed="0" total="1" passed="1">
  <reporter-output>
  </reporter-output>
  <suite name="Opentaps" duration-ms="40313" started-at="2018-05-08T12:16:59Z" finished-at="2018-05-08T12:17:39Z">
    <groups>
    </groups>
    <test name="Leads" duration-ms="40313" started-at="2018-05-08T12:16:59Z" finished-at="2018-05-08T12:17:39Z">
      <class name="keyword.RunKeywordScripts">
        <test-method status="PASS" signature="beforeSuite()[pri:0, instance:keyword.RunKeywordScripts@843fce]" name="beforeSuite" is-config="true" duration-ms="1490" started-at="2018-05-08T17:46:58Z" finished-at="2018-05-08T17:46:59Z">
          <reporter-output>
          </reporter-output>
        </test-method> <!-- beforeSuite -->
        <test-method status="PASS" signature="beforeTest()[pri:0, instance:keyword.RunKeywordScripts@843fce]" name="beforeTest" is-config="true" duration-ms="37" started-at="2018-05-08T17:46:59Z" finished-at="2018-05-08T17:46:59Z">
          <reporter-output>
          </reporter-output>
        </test-method> <!-- beforeTest -->
        <test-method status="PASS" signature="setup()[pri:0, instance:keyword.RunKeywordScripts@843fce]" name="setup" is-config="true" duration-ms="1" started-at="2018-05-08T17:46:59Z" finished-at="2018-05-08T17:46:59Z">
          <reporter-output>
          </reporter-output>
        </test-method> <!-- setup -->
        <test-method status="PASS" signature="beforeMethod()[pri:0, instance:keyword.RunKeywordScripts@843fce]" name="beforeMethod" is-config="true" duration-ms="26427" started-at="2018-05-08T17:46:59Z" finished-at="2018-05-08T17:47:26Z">
          <reporter-output>
          </reporter-output>
        </test-method> <!-- beforeMethod -->
        <test-method status="PASS" signature="runScripts()[pri:0, instance:keyword.RunKeywordScripts@843fce]" name="runScripts" duration-ms="9810" started-at="2018-05-08T17:47:26Z" finished-at="2018-05-08T17:47:35Z">
          <reporter-output>
          </reporter-output>
        </test-method> <!-- runScripts -->
        <test-method status="PASS" signature="afterMethod()[pri:0, instance:keyword.RunKeywordScripts@843fce]" name="afterMethod" is-config="true" duration-ms="4001" started-at="2018-05-08T17:47:35Z" finished-at="2018-05-08T17:47:39Z">
          <reporter-output>
          </reporter-output>
        </test-method> <!-- afterMethod -->
        <test-method status="PASS" signature="afterTest()[pri:0, instance:keyword.RunKeywordScripts@843fce]" name="afterTest" is-config="true" duration-ms="1" started-at="2018-05-08T17:47:39Z" finished-at="2018-05-08T17:47:39Z">
          <reporter-output>
          </reporter-output>
        </test-method> <!-- afterTest -->
        <test-method status="PASS" signature="afterSuite()[pri:0, instance:keyword.RunKeywordScripts@843fce]" name="afterSuite" is-config="true" duration-ms="1361" started-at="2018-05-08T17:47:40Z" finished-at="2018-05-08T17:47:41Z">
          <reporter-output>
          </reporter-output>
        </test-method> <!-- afterSuite -->
      </class> <!-- keyword.RunKeywordScripts -->
    </test> <!-- Leads -->
  </suite> <!-- Opentaps -->
</testng-results>
